{"C:\\Users\\Yanis\\Documents\\iut\\wwe_app\\api\\src\\index.ts": {"path":"C:\\Users\\Yanis\\Documents\\iut\\wwe_app\\api\\src\\index.ts","statementMap":{"0":{"start":{"line":52,"column":0},"end":{"line":52,"column":16}},"1":{"start":{"line":1,"column":0},"end":{"line":1,"column":30}},"2":{"start":{"line":3,"column":0},"end":{"line":3,"column":26}},"3":{"start":{"line":4,"column":0},"end":{"line":4,"column":43}},"4":{"start":{"line":6,"column":0},"end":{"line":6,"column":45}},"5":{"start":{"line":7,"column":0},"end":{"line":7,"column":46}},"6":{"start":{"line":9,"column":0},"end":{"line":9,"column":39}},"7":{"start":{"line":10,"column":0},"end":{"line":10,"column":48}},"8":{"start":{"line":11,"column":0},"end":{"line":11,"column":94}},"9":{"start":{"line":12,"column":0},"end":{"line":12,"column":94}},"10":{"start":{"line":13,"column":0},"end":{"line":13,"column":100}},"11":{"start":{"line":14,"column":0},"end":{"line":14,"column":118}},"12":{"start":{"line":15,"column":0},"end":{"line":15,"column":124}},"13":{"start":{"line":16,"column":0},"end":{"line":16,"column":102}},"14":{"start":{"line":17,"column":0},"end":{"line":17,"column":124}},"15":{"start":{"line":18,"column":0},"end":{"line":18,"column":100}},"16":{"start":{"line":19,"column":0},"end":{"line":19,"column":118}},"17":{"start":{"line":23,"column":13},"end":{"line":23,"column":46}},"18":{"start":{"line":24,"column":0},"end":{"line":27,"column":1}},"19":{"start":{"line":25,"column":4},"end":{"line":25,"column":44}},"20":{"start":{"line":26,"column":4},"end":{"line":26,"column":20}},"21":{"start":{"line":28,"column":13},"end":{"line":28,"column":29}},"22":{"start":{"line":29,"column":0},"end":{"line":29,"column":24}},"23":{"start":{"line":32,"column":21},"end":{"line":32,"column":37}},"24":{"start":{"line":34,"column":18},"end":{"line":34,"column":34}},"25":{"start":{"line":35,"column":0},"end":{"line":35,"column":25}},"26":{"start":{"line":37,"column":0},"end":{"line":37,"column":33}},"27":{"start":{"line":38,"column":0},"end":{"line":38,"column":24}},"28":{"start":{"line":41,"column":24},"end":{"line":41,"column":55}},"29":{"start":{"line":42,"column":0},"end":{"line":42,"column":81}},"30":{"start":{"line":45,"column":0},"end":{"line":45,"column":16}},"31":{"start":{"line":48,"column":13},"end":{"line":50,"column":3}},"32":{"start":{"line":49,"column":4},"end":{"line":49,"column":65}},"33":{"start":{"line":53,"column":4},"end":{"line":53,"column":19}},"34":{"start":{"line":62,"column":0},"end":{"line":62,"column":35}},"35":{"start":{"line":63,"column":0},"end":{"line":63,"column":41}},"36":{"start":{"line":69,"column":0},"end":{"line":69,"column":31}},"37":{"start":{"line":72,"column":0},"end":{"line":72,"column":37}},"38":{"start":{"line":73,"column":0},"end":{"line":73,"column":41}},"39":{"start":{"line":74,"column":0},"end":{"line":74,"column":37}},"40":{"start":{"line":75,"column":0},"end":{"line":75,"column":40}},"41":{"start":{"line":76,"column":0},"end":{"line":76,"column":43}},"42":{"start":{"line":79,"column":0},"end":{"line":79,"column":37}},"43":{"start":{"line":80,"column":0},"end":{"line":80,"column":41}},"44":{"start":{"line":81,"column":0},"end":{"line":81,"column":37}},"45":{"start":{"line":82,"column":0},"end":{"line":82,"column":40}},"46":{"start":{"line":83,"column":0},"end":{"line":83,"column":43}},"47":{"start":{"line":86,"column":0},"end":{"line":86,"column":39}},"48":{"start":{"line":87,"column":0},"end":{"line":87,"column":43}},"49":{"start":{"line":88,"column":0},"end":{"line":88,"column":39}},"50":{"start":{"line":89,"column":0},"end":{"line":89,"column":42}},"51":{"start":{"line":90,"column":0},"end":{"line":90,"column":45}},"52":{"start":{"line":93,"column":0},"end":{"line":93,"column":45}},"53":{"start":{"line":94,"column":0},"end":{"line":94,"column":49}},"54":{"start":{"line":95,"column":0},"end":{"line":95,"column":45}},"55":{"start":{"line":96,"column":0},"end":{"line":96,"column":48}},"56":{"start":{"line":97,"column":0},"end":{"line":97,"column":51}},"57":{"start":{"line":100,"column":0},"end":{"line":100,"column":47}},"58":{"start":{"line":101,"column":0},"end":{"line":101,"column":51}},"59":{"start":{"line":102,"column":0},"end":{"line":102,"column":47}},"60":{"start":{"line":103,"column":0},"end":{"line":103,"column":50}},"61":{"start":{"line":104,"column":0},"end":{"line":104,"column":53}},"62":{"start":{"line":107,"column":0},"end":{"line":107,"column":41}},"63":{"start":{"line":108,"column":0},"end":{"line":108,"column":44}},"64":{"start":{"line":109,"column":0},"end":{"line":109,"column":40}},"65":{"start":{"line":110,"column":0},"end":{"line":110,"column":43}},"66":{"start":{"line":111,"column":0},"end":{"line":111,"column":46}},"67":{"start":{"line":114,"column":0},"end":{"line":114,"column":47}},"68":{"start":{"line":115,"column":0},"end":{"line":115,"column":51}},"69":{"start":{"line":116,"column":0},"end":{"line":116,"column":47}},"70":{"start":{"line":117,"column":0},"end":{"line":117,"column":50}},"71":{"start":{"line":118,"column":0},"end":{"line":118,"column":53}},"72":{"start":{"line":121,"column":0},"end":{"line":121,"column":39}},"73":{"start":{"line":122,"column":0},"end":{"line":122,"column":43}},"74":{"start":{"line":123,"column":0},"end":{"line":123,"column":39}},"75":{"start":{"line":124,"column":0},"end":{"line":124,"column":42}},"76":{"start":{"line":125,"column":0},"end":{"line":125,"column":45}},"77":{"start":{"line":128,"column":0},"end":{"line":128,"column":45}},"78":{"start":{"line":129,"column":0},"end":{"line":129,"column":49}},"79":{"start":{"line":130,"column":0},"end":{"line":130,"column":45}},"80":{"start":{"line":131,"column":0},"end":{"line":131,"column":48}},"81":{"start":{"line":132,"column":0},"end":{"line":132,"column":51}},"82":{"start":{"line":136,"column":0},"end":{"line":136,"column":56}}},"fnMap":{"0":{"name":"(anonymous_1)","decl":{"start":{"line":48,"column":39},"end":{"line":48,"column":42}},"loc":{"start":{"line":48,"column":44},"end":{"line":50,"column":1}}},"1":{"name":"closeServer","decl":{"start":{"line":52,"column":16},"end":{"line":52,"column":27}},"loc":{"start":{"line":52,"column":27},"end":{"line":54,"column":1}}}},"branchMap":{"0":{"loc":{"start":{"line":23,"column":13},"end":{"line":23,"column":46}},"type":"binary-expr","locations":[{"start":{"line":23,"column":13},"end":{"line":23,"column":33}},{"start":{"line":23,"column":37},"end":{"line":23,"column":46}}]},"1":{"loc":{"start":{"line":24,"column":0},"end":{"line":27,"column":1}},"type":"if","locations":[{"start":{"line":24,"column":0},"end":{"line":27,"column":1}}]}},"s":{"0":12,"1":12,"2":12,"3":12,"4":12,"5":12,"6":12,"7":12,"8":12,"9":12,"10":12,"11":12,"12":12,"13":12,"14":12,"15":12,"16":12,"17":12,"18":12,"19":0,"20":0,"21":12,"22":12,"23":12,"24":12,"25":12,"26":12,"27":12,"28":12,"29":12,"30":12,"31":12,"32":11,"33":12,"34":12,"35":12,"36":12,"37":12,"38":12,"39":12,"40":12,"41":12,"42":12,"43":12,"44":12,"45":12,"46":12,"47":12,"48":12,"49":12,"50":12,"51":12,"52":12,"53":12,"54":12,"55":12,"56":12,"57":12,"58":12,"59":12,"60":12,"61":12,"62":12,"63":12,"64":12,"65":12,"66":12,"67":12,"68":12,"69":12,"70":12,"71":12,"72":12,"73":12,"74":12,"75":12,"76":12,"77":12,"78":12,"79":12,"80":12,"81":12,"82":12},"f":{"0":11,"1":12},"b":{"0":[12,0],"1":[0]}}
,"C:\\Users\\Yanis\\Documents\\iut\\wwe_app\\api\\src\\middleware\\logger.ts": {"path":"C:\\Users\\Yanis\\Documents\\iut\\wwe_app\\api\\src\\middleware\\logger.ts","statementMap":{"0":{"start":{"line":3,"column":0},"end":{"line":3,"column":16}},"1":{"start":{"line":4,"column":16},"end":{"line":4,"column":26}},"2":{"start":{"line":5,"column":4},"end":{"line":5,"column":74}},"3":{"start":{"line":6,"column":4},"end":{"line":6,"column":11}}},"fnMap":{"0":{"name":"logger","decl":{"start":{"line":3,"column":16},"end":{"line":3,"column":22}},"loc":{"start":{"line":3,"column":70},"end":{"line":7,"column":1}}}},"branchMap":{},"s":{"0":12,"1":1,"2":1,"3":1},"f":{"0":1},"b":{}}
,"C:\\Users\\Yanis\\Documents\\iut\\wwe_app\\api\\src\\routes\\auth.ts": {"path":"C:\\Users\\Yanis\\Documents\\iut\\wwe_app\\api\\src\\routes\\auth.ts","statementMap":{"0":{"start":{"line":2,"column":0},"end":{"line":2,"column":31}},"1":{"start":{"line":3,"column":0},"end":{"line":3,"column":28}},"2":{"start":{"line":4,"column":0},"end":{"line":4,"column":31}},"3":{"start":{"line":7,"column":21},"end":{"line":48,"column":null}},"4":{"start":{"line":7,"column":74},"end":{"line":48,"column":null}},"5":{"start":{"line":9,"column":4},"end":{"line":46,"column":5}},"6":{"start":{"line":11,"column":39},"end":{"line":11,"column":47}},"7":{"start":{"line":12,"column":8},"end":{"line":15,"column":9}},"8":{"start":{"line":13,"column":12},"end":{"line":13,"column":82}},"9":{"start":{"line":14,"column":12},"end":{"line":14,"column":19}},"10":{"start":{"line":17,"column":21},"end":{"line":17,"column":74}},"11":{"start":{"line":18,"column":8},"end":{"line":21,"column":9}},"12":{"start":{"line":19,"column":12},"end":{"line":19,"column":82}},"13":{"start":{"line":20,"column":12},"end":{"line":20,"column":19}},"14":{"start":{"line":23,"column":23},"end":{"line":23,"column":68}},"15":{"start":{"line":24,"column":8},"end":{"line":27,"column":9}},"16":{"start":{"line":25,"column":12},"end":{"line":25,"column":70}},"17":{"start":{"line":26,"column":12},"end":{"line":26,"column":19}},"18":{"start":{"line":29,"column":26},"end":{"line":29,"column":48}},"19":{"start":{"line":30,"column":8},"end":{"line":33,"column":9}},"20":{"start":{"line":31,"column":12},"end":{"line":31,"column":92}},"21":{"start":{"line":32,"column":12},"end":{"line":32,"column":19}},"22":{"start":{"line":35,"column":22},"end":{"line":35,"column":79}},"23":{"start":{"line":37,"column":8},"end":{"line":37,"column":40}},"24":{"start":{"line":38,"column":8},"end":{"line":38,"column":15}},"25":{"start":{"line":42,"column":8},"end":{"line":42,"column":41}},"26":{"start":{"line":43,"column":8},"end":{"line":43,"column":88}},"27":{"start":{"line":44,"column":8},"end":{"line":44,"column":15}},"28":{"start":{"line":7,"column":13},"end":{"line":7,"column":21}},"29":{"start":{"line":51,"column":24},"end":{"line":79,"column":null}},"30":{"start":{"line":51,"column":77},"end":{"line":79,"column":null}},"31":{"start":{"line":53,"column":4},"end":{"line":77,"column":5}},"32":{"start":{"line":54,"column":39},"end":{"line":54,"column":47}},"33":{"start":{"line":55,"column":8},"end":{"line":58,"column":9}},"34":{"start":{"line":56,"column":12},"end":{"line":56,"column":82}},"35":{"start":{"line":57,"column":12},"end":{"line":57,"column":19}},"36":{"start":{"line":60,"column":31},"end":{"line":60,"column":62}},"37":{"start":{"line":61,"column":21},"end":{"line":66,"column":10}},"38":{"start":{"line":68,"column":8},"end":{"line":68,"column":35}},"39":{"start":{"line":69,"column":8},"end":{"line":69,"column":15}},"40":{"start":{"line":73,"column":8},"end":{"line":73,"column":41}},"41":{"start":{"line":74,"column":8},"end":{"line":74,"column":88}},"42":{"start":{"line":75,"column":8},"end":{"line":75,"column":15}},"43":{"start":{"line":51,"column":13},"end":{"line":51,"column":24}}},"fnMap":{"0":{"name":"(anonymous_8)","decl":{"start":{"line":7,"column":21},"end":{"line":7,"column":28}},"loc":{"start":{"line":7,"column":74},"end":{"line":48,"column":null}}},"1":{"name":"(anonymous_9)","decl":{"start":{"line":7,"column":74},"end":{"line":7,"column":null}},"loc":{"start":{"line":7,"column":74},"end":{"line":48,"column":1}}},"2":{"name":"(anonymous_10)","decl":{"start":{"line":51,"column":24},"end":{"line":51,"column":31}},"loc":{"start":{"line":51,"column":77},"end":{"line":79,"column":null}}},"3":{"name":"(anonymous_11)","decl":{"start":{"line":51,"column":77},"end":{"line":51,"column":null}},"loc":{"start":{"line":51,"column":77},"end":{"line":79,"column":1}}}},"branchMap":{"0":{"loc":{"start":{"line":12,"column":8},"end":{"line":15,"column":9}},"type":"if","locations":[{"start":{"line":12,"column":8},"end":{"line":15,"column":9}}]},"1":{"loc":{"start":{"line":12,"column":12},"end":{"line":12,"column":34}},"type":"binary-expr","locations":[{"start":{"line":12,"column":12},"end":{"line":12,"column":21}},{"start":{"line":12,"column":25},"end":{"line":12,"column":34}}]},"2":{"loc":{"start":{"line":18,"column":8},"end":{"line":21,"column":9}},"type":"if","locations":[{"start":{"line":18,"column":8},"end":{"line":21,"column":9}}]},"3":{"loc":{"start":{"line":24,"column":8},"end":{"line":27,"column":9}},"type":"if","locations":[{"start":{"line":24,"column":8},"end":{"line":27,"column":9}}]},"4":{"loc":{"start":{"line":30,"column":8},"end":{"line":33,"column":9}},"type":"if","locations":[{"start":{"line":30,"column":8},"end":{"line":33,"column":9}}]},"5":{"loc":{"start":{"line":55,"column":8},"end":{"line":58,"column":9}},"type":"if","locations":[{"start":{"line":55,"column":8},"end":{"line":58,"column":9}}]},"6":{"loc":{"start":{"line":55,"column":12},"end":{"line":55,"column":34}},"type":"binary-expr","locations":[{"start":{"line":55,"column":12},"end":{"line":55,"column":21}},{"start":{"line":55,"column":25},"end":{"line":55,"column":34}}]}},"s":{"0":12,"1":12,"2":12,"3":12,"4":1,"5":1,"6":1,"7":1,"8":1,"9":1,"10":0,"11":0,"12":0,"13":0,"14":0,"15":0,"16":0,"17":0,"18":0,"19":0,"20":0,"21":0,"22":0,"23":0,"24":0,"25":0,"26":0,"27":0,"28":12,"29":12,"30":1,"31":1,"32":1,"33":1,"34":0,"35":0,"36":1,"37":1,"38":1,"39":1,"40":0,"41":0,"42":0,"43":12},"f":{"0":1,"1":1,"2":1,"3":1},"b":{"0":[1],"1":[1,0],"2":[0],"3":[0],"4":[0],"5":[0],"6":[1,1]}}
,"C:\\Users\\Yanis\\Documents\\iut\\wwe_app\\api\\src\\routes\\belts.ts": {"path":"C:\\Users\\Yanis\\Documents\\iut\\wwe_app\\api\\src\\routes\\belts.ts","statementMap":{"0":{"start":{"line":2,"column":0},"end":{"line":2,"column":31}},"1":{"start":{"line":5,"column":27},"end":{"line":19,"column":2}},"2":{"start":{"line":5,"column":80},"end":{"line":19,"column":2}},"3":{"start":{"line":7,"column":4},"end":{"line":17,"column":5}},"4":{"start":{"line":9,"column":22},"end":{"line":9,"column":50}},"5":{"start":{"line":10,"column":8},"end":{"line":10,"column":36}},"6":{"start":{"line":14,"column":8},"end":{"line":14,"column":53}},"7":{"start":{"line":15,"column":8},"end":{"line":15,"column":88}},"8":{"start":{"line":5,"column":13},"end":{"line":5,"column":27}},"9":{"start":{"line":22,"column":27},"end":{"line":54,"column":2}},"10":{"start":{"line":22,"column":80},"end":{"line":54,"column":2}},"11":{"start":{"line":24,"column":4},"end":{"line":52,"column":5}},"12":{"start":{"line":26,"column":23},"end":{"line":26,"column":33}},"13":{"start":{"line":27,"column":23},"end":{"line":27,"column":33}},"14":{"start":{"line":29,"column":8},"end":{"line":34,"column":9}},"15":{"start":{"line":31,"column":12},"end":{"line":31,"column":76}},"16":{"start":{"line":32,"column":12},"end":{"line":32,"column":19}},"17":{"start":{"line":36,"column":21},"end":{"line":36,"column":76}},"18":{"start":{"line":38,"column":8},"end":{"line":43,"column":9}},"19":{"start":{"line":40,"column":12},"end":{"line":40,"column":71}},"20":{"start":{"line":41,"column":12},"end":{"line":41,"column":19}},"21":{"start":{"line":45,"column":8},"end":{"line":45,"column":35}},"22":{"start":{"line":49,"column":8},"end":{"line":49,"column":53}},"23":{"start":{"line":50,"column":8},"end":{"line":50,"column":88}},"24":{"start":{"line":22,"column":13},"end":{"line":22,"column":27}},"25":{"start":{"line":57,"column":26},"end":{"line":83,"column":2}},"26":{"start":{"line":57,"column":79},"end":{"line":83,"column":2}},"27":{"start":{"line":59,"column":4},"end":{"line":81,"column":5}},"28":{"start":{"line":61,"column":25},"end":{"line":61,"column":33}},"29":{"start":{"line":63,"column":8},"end":{"line":68,"column":9}},"30":{"start":{"line":65,"column":12},"end":{"line":65,"column":74}},"31":{"start":{"line":66,"column":12},"end":{"line":66,"column":19}},"32":{"start":{"line":70,"column":24},"end":{"line":72,"column":10}},"33":{"start":{"line":74,"column":8},"end":{"line":74,"column":38}},"34":{"start":{"line":78,"column":8},"end":{"line":78,"column":52}},"35":{"start":{"line":79,"column":8},"end":{"line":79,"column":88}},"36":{"start":{"line":57,"column":13},"end":{"line":57,"column":26}},"37":{"start":{"line":86,"column":26},"end":{"line":127,"column":2}},"38":{"start":{"line":86,"column":79},"end":{"line":127,"column":2}},"39":{"start":{"line":88,"column":4},"end":{"line":125,"column":5}},"40":{"start":{"line":90,"column":23},"end":{"line":90,"column":33}},"41":{"start":{"line":91,"column":25},"end":{"line":91,"column":33}},"42":{"start":{"line":92,"column":23},"end":{"line":92,"column":33}},"43":{"start":{"line":94,"column":8},"end":{"line":99,"column":9}},"44":{"start":{"line":96,"column":12},"end":{"line":96,"column":76}},"45":{"start":{"line":97,"column":12},"end":{"line":97,"column":19}},"46":{"start":{"line":101,"column":8},"end":{"line":106,"column":9}},"47":{"start":{"line":103,"column":12},"end":{"line":103,"column":74}},"48":{"start":{"line":104,"column":12},"end":{"line":104,"column":19}},"49":{"start":{"line":108,"column":28},"end":{"line":111,"column":10}},"50":{"start":{"line":113,"column":8},"end":{"line":113,"column":42}},"51":{"start":{"line":117,"column":8},"end":{"line":117,"column":52}},"52":{"start":{"line":119,"column":8},"end":{"line":123,"column":9}},"53":{"start":{"line":120,"column":12},"end":{"line":120,"column":71}},"54":{"start":{"line":122,"column":12},"end":{"line":122,"column":92}},"55":{"start":{"line":86,"column":13},"end":{"line":86,"column":26}},"56":{"start":{"line":130,"column":26},"end":{"line":160,"column":2}},"57":{"start":{"line":130,"column":79},"end":{"line":160,"column":2}},"58":{"start":{"line":132,"column":4},"end":{"line":158,"column":5}},"59":{"start":{"line":134,"column":23},"end":{"line":134,"column":33}},"60":{"start":{"line":135,"column":23},"end":{"line":135,"column":33}},"61":{"start":{"line":137,"column":8},"end":{"line":142,"column":9}},"62":{"start":{"line":139,"column":12},"end":{"line":139,"column":76}},"63":{"start":{"line":140,"column":12},"end":{"line":140,"column":19}},"64":{"start":{"line":144,"column":8},"end":{"line":144,"column":60}},"65":{"start":{"line":146,"column":8},"end":{"line":146,"column":30}},"66":{"start":{"line":150,"column":8},"end":{"line":150,"column":52}},"67":{"start":{"line":152,"column":8},"end":{"line":156,"column":9}},"68":{"start":{"line":153,"column":12},"end":{"line":153,"column":71}},"69":{"start":{"line":155,"column":12},"end":{"line":155,"column":92}},"70":{"start":{"line":130,"column":13},"end":{"line":130,"column":26}}},"fnMap":{"0":{"name":"(anonymous_8)","decl":{"start":{"line":5,"column":27},"end":{"line":5,"column":34}},"loc":{"start":{"line":5,"column":80},"end":{"line":19,"column":2}}},"1":{"name":"(anonymous_9)","decl":{"start":{"line":5,"column":80},"end":{"line":5,"column":null}},"loc":{"start":{"line":5,"column":80},"end":{"line":19,"column":1}}},"2":{"name":"(anonymous_10)","decl":{"start":{"line":22,"column":27},"end":{"line":22,"column":34}},"loc":{"start":{"line":22,"column":80},"end":{"line":54,"column":2}}},"3":{"name":"(anonymous_11)","decl":{"start":{"line":22,"column":80},"end":{"line":22,"column":null}},"loc":{"start":{"line":22,"column":80},"end":{"line":54,"column":1}}},"4":{"name":"(anonymous_12)","decl":{"start":{"line":57,"column":26},"end":{"line":57,"column":33}},"loc":{"start":{"line":57,"column":79},"end":{"line":83,"column":2}}},"5":{"name":"(anonymous_13)","decl":{"start":{"line":57,"column":79},"end":{"line":57,"column":null}},"loc":{"start":{"line":57,"column":79},"end":{"line":83,"column":1}}},"6":{"name":"(anonymous_14)","decl":{"start":{"line":86,"column":26},"end":{"line":86,"column":33}},"loc":{"start":{"line":86,"column":79},"end":{"line":127,"column":2}}},"7":{"name":"(anonymous_15)","decl":{"start":{"line":86,"column":79},"end":{"line":86,"column":null}},"loc":{"start":{"line":86,"column":79},"end":{"line":127,"column":1}}},"8":{"name":"(anonymous_16)","decl":{"start":{"line":130,"column":26},"end":{"line":130,"column":33}},"loc":{"start":{"line":130,"column":79},"end":{"line":160,"column":2}}},"9":{"name":"(anonymous_17)","decl":{"start":{"line":130,"column":79},"end":{"line":130,"column":null}},"loc":{"start":{"line":130,"column":79},"end":{"line":160,"column":1}}}},"branchMap":{"0":{"loc":{"start":{"line":29,"column":8},"end":{"line":34,"column":9}},"type":"if","locations":[{"start":{"line":29,"column":8},"end":{"line":34,"column":9}}]},"1":{"loc":{"start":{"line":38,"column":8},"end":{"line":43,"column":9}},"type":"if","locations":[{"start":{"line":38,"column":8},"end":{"line":43,"column":9}}]},"2":{"loc":{"start":{"line":63,"column":8},"end":{"line":68,"column":9}},"type":"if","locations":[{"start":{"line":63,"column":8},"end":{"line":68,"column":9}}]},"3":{"loc":{"start":{"line":94,"column":8},"end":{"line":99,"column":9}},"type":"if","locations":[{"start":{"line":94,"column":8},"end":{"line":99,"column":9}}]},"4":{"loc":{"start":{"line":101,"column":8},"end":{"line":106,"column":9}},"type":"if","locations":[{"start":{"line":101,"column":8},"end":{"line":106,"column":9}}]},"5":{"loc":{"start":{"line":119,"column":8},"end":{"line":123,"column":9}},"type":"if","locations":[{"start":{"line":119,"column":8},"end":{"line":123,"column":9}},{"start":{"line":121,"column":15},"end":{"line":123,"column":9}}]},"6":{"loc":{"start":{"line":119,"column":12},"end":{"line":119,"column":78}},"type":"binary-expr","locations":[{"start":{"line":119,"column":12},"end":{"line":119,"column":34}},{"start":{"line":119,"column":38},"end":{"line":119,"column":78}}]},"7":{"loc":{"start":{"line":137,"column":8},"end":{"line":142,"column":9}},"type":"if","locations":[{"start":{"line":137,"column":8},"end":{"line":142,"column":9}}]},"8":{"loc":{"start":{"line":152,"column":8},"end":{"line":156,"column":9}},"type":"if","locations":[{"start":{"line":152,"column":8},"end":{"line":156,"column":9}},{"start":{"line":154,"column":15},"end":{"line":156,"column":9}}]},"9":{"loc":{"start":{"line":152,"column":12},"end":{"line":152,"column":78}},"type":"binary-expr","locations":[{"start":{"line":152,"column":12},"end":{"line":152,"column":34}},{"start":{"line":152,"column":38},"end":{"line":152,"column":78}}]}},"s":{"0":12,"1":12,"2":1,"3":1,"4":1,"5":1,"6":0,"7":0,"8":12,"9":12,"10":1,"11":1,"12":1,"13":1,"14":1,"15":0,"16":0,"17":1,"18":1,"19":0,"20":0,"21":1,"22":0,"23":0,"24":12,"25":12,"26":2,"27":2,"28":2,"29":2,"30":1,"31":1,"32":1,"33":1,"34":0,"35":0,"36":12,"37":12,"38":3,"39":3,"40":3,"41":3,"42":3,"43":3,"44":1,"45":1,"46":2,"47":1,"48":1,"49":1,"50":1,"51":0,"52":0,"53":0,"54":0,"55":12,"56":12,"57":2,"58":2,"59":2,"60":2,"61":2,"62":1,"63":1,"64":1,"65":1,"66":0,"67":0,"68":0,"69":0,"70":12},"f":{"0":1,"1":1,"2":1,"3":1,"4":2,"5":2,"6":3,"7":3,"8":2,"9":2},"b":{"0":[0],"1":[0],"2":[1],"3":[1],"4":[1],"5":[0,0],"6":[0,0],"7":[1],"8":[0,0],"9":[0,0]}}
,"C:\\Users\\Yanis\\Documents\\iut\\wwe_app\\api\\src\\routes\\cards.ts": {"path":"C:\\Users\\Yanis\\Documents\\iut\\wwe_app\\api\\src\\routes\\cards.ts","statementMap":{"0":{"start":{"line":2,"column":0},"end":{"line":2,"column":31}},"1":{"start":{"line":5,"column":27},"end":{"line":19,"column":2}},"2":{"start":{"line":5,"column":80},"end":{"line":19,"column":2}},"3":{"start":{"line":7,"column":4},"end":{"line":17,"column":5}},"4":{"start":{"line":9,"column":22},"end":{"line":9,"column":50}},"5":{"start":{"line":10,"column":8},"end":{"line":10,"column":36}},"6":{"start":{"line":14,"column":8},"end":{"line":14,"column":53}},"7":{"start":{"line":15,"column":8},"end":{"line":15,"column":88}},"8":{"start":{"line":5,"column":13},"end":{"line":5,"column":27}},"9":{"start":{"line":22,"column":27},"end":{"line":54,"column":2}},"10":{"start":{"line":22,"column":80},"end":{"line":54,"column":2}},"11":{"start":{"line":24,"column":4},"end":{"line":52,"column":5}},"12":{"start":{"line":26,"column":23},"end":{"line":26,"column":33}},"13":{"start":{"line":27,"column":23},"end":{"line":27,"column":33}},"14":{"start":{"line":29,"column":8},"end":{"line":34,"column":9}},"15":{"start":{"line":31,"column":12},"end":{"line":31,"column":76}},"16":{"start":{"line":32,"column":12},"end":{"line":32,"column":19}},"17":{"start":{"line":36,"column":21},"end":{"line":36,"column":76}},"18":{"start":{"line":38,"column":8},"end":{"line":43,"column":9}},"19":{"start":{"line":40,"column":12},"end":{"line":40,"column":71}},"20":{"start":{"line":41,"column":12},"end":{"line":41,"column":19}},"21":{"start":{"line":45,"column":8},"end":{"line":45,"column":35}},"22":{"start":{"line":49,"column":8},"end":{"line":49,"column":53}},"23":{"start":{"line":50,"column":8},"end":{"line":50,"column":88}},"24":{"start":{"line":22,"column":13},"end":{"line":22,"column":27}},"25":{"start":{"line":57,"column":26},"end":{"line":85,"column":2}},"26":{"start":{"line":57,"column":79},"end":{"line":85,"column":2}},"27":{"start":{"line":59,"column":4},"end":{"line":83,"column":5}},"28":{"start":{"line":61,"column":106},"end":{"line":61,"column":114}},"29":{"start":{"line":63,"column":24},"end":{"line":74,"column":10}},"30":{"start":{"line":76,"column":8},"end":{"line":76,"column":38}},"31":{"start":{"line":80,"column":8},"end":{"line":80,"column":52}},"32":{"start":{"line":81,"column":8},"end":{"line":81,"column":88}},"33":{"start":{"line":57,"column":13},"end":{"line":57,"column":26}},"34":{"start":{"line":88,"column":26},"end":{"line":131,"column":2}},"35":{"start":{"line":88,"column":79},"end":{"line":131,"column":2}},"36":{"start":{"line":90,"column":4},"end":{"line":129,"column":5}},"37":{"start":{"line":92,"column":23},"end":{"line":92,"column":33}},"38":{"start":{"line":93,"column":106},"end":{"line":93,"column":114}},"39":{"start":{"line":94,"column":23},"end":{"line":94,"column":33}},"40":{"start":{"line":96,"column":8},"end":{"line":101,"column":9}},"41":{"start":{"line":98,"column":12},"end":{"line":98,"column":76}},"42":{"start":{"line":99,"column":12},"end":{"line":99,"column":19}},"43":{"start":{"line":103,"column":28},"end":{"line":115,"column":10}},"44":{"start":{"line":117,"column":8},"end":{"line":117,"column":42}},"45":{"start":{"line":121,"column":8},"end":{"line":121,"column":52}},"46":{"start":{"line":123,"column":8},"end":{"line":127,"column":9}},"47":{"start":{"line":124,"column":12},"end":{"line":124,"column":71}},"48":{"start":{"line":126,"column":12},"end":{"line":126,"column":92}},"49":{"start":{"line":88,"column":13},"end":{"line":88,"column":26}},"50":{"start":{"line":134,"column":26},"end":{"line":164,"column":2}},"51":{"start":{"line":134,"column":79},"end":{"line":164,"column":2}},"52":{"start":{"line":136,"column":4},"end":{"line":162,"column":5}},"53":{"start":{"line":138,"column":23},"end":{"line":138,"column":33}},"54":{"start":{"line":139,"column":23},"end":{"line":139,"column":33}},"55":{"start":{"line":141,"column":8},"end":{"line":146,"column":9}},"56":{"start":{"line":143,"column":12},"end":{"line":143,"column":76}},"57":{"start":{"line":144,"column":12},"end":{"line":144,"column":19}},"58":{"start":{"line":148,"column":8},"end":{"line":148,"column":60}},"59":{"start":{"line":150,"column":8},"end":{"line":150,"column":30}},"60":{"start":{"line":154,"column":8},"end":{"line":154,"column":52}},"61":{"start":{"line":156,"column":8},"end":{"line":160,"column":9}},"62":{"start":{"line":157,"column":12},"end":{"line":157,"column":71}},"63":{"start":{"line":159,"column":12},"end":{"line":159,"column":92}},"64":{"start":{"line":134,"column":13},"end":{"line":134,"column":26}}},"fnMap":{"0":{"name":"(anonymous_8)","decl":{"start":{"line":5,"column":27},"end":{"line":5,"column":34}},"loc":{"start":{"line":5,"column":80},"end":{"line":19,"column":2}}},"1":{"name":"(anonymous_9)","decl":{"start":{"line":5,"column":80},"end":{"line":5,"column":null}},"loc":{"start":{"line":5,"column":80},"end":{"line":19,"column":1}}},"2":{"name":"(anonymous_10)","decl":{"start":{"line":22,"column":27},"end":{"line":22,"column":34}},"loc":{"start":{"line":22,"column":80},"end":{"line":54,"column":2}}},"3":{"name":"(anonymous_11)","decl":{"start":{"line":22,"column":80},"end":{"line":22,"column":null}},"loc":{"start":{"line":22,"column":80},"end":{"line":54,"column":1}}},"4":{"name":"(anonymous_12)","decl":{"start":{"line":57,"column":26},"end":{"line":57,"column":33}},"loc":{"start":{"line":57,"column":79},"end":{"line":85,"column":2}}},"5":{"name":"(anonymous_13)","decl":{"start":{"line":57,"column":79},"end":{"line":57,"column":null}},"loc":{"start":{"line":57,"column":79},"end":{"line":85,"column":1}}},"6":{"name":"(anonymous_14)","decl":{"start":{"line":88,"column":26},"end":{"line":88,"column":33}},"loc":{"start":{"line":88,"column":79},"end":{"line":131,"column":2}}},"7":{"name":"(anonymous_15)","decl":{"start":{"line":88,"column":79},"end":{"line":88,"column":null}},"loc":{"start":{"line":88,"column":79},"end":{"line":131,"column":1}}},"8":{"name":"(anonymous_16)","decl":{"start":{"line":134,"column":26},"end":{"line":134,"column":33}},"loc":{"start":{"line":134,"column":79},"end":{"line":164,"column":2}}},"9":{"name":"(anonymous_17)","decl":{"start":{"line":134,"column":79},"end":{"line":134,"column":null}},"loc":{"start":{"line":134,"column":79},"end":{"line":164,"column":1}}}},"branchMap":{"0":{"loc":{"start":{"line":29,"column":8},"end":{"line":34,"column":9}},"type":"if","locations":[{"start":{"line":29,"column":8},"end":{"line":34,"column":9}}]},"1":{"loc":{"start":{"line":38,"column":8},"end":{"line":43,"column":9}},"type":"if","locations":[{"start":{"line":38,"column":8},"end":{"line":43,"column":9}}]},"2":{"loc":{"start":{"line":68,"column":28},"end":{"line":68,"column":68}},"type":"cond-expr","locations":[{"start":{"line":68,"column":41},"end":{"line":68,"column":61}},{"start":{"line":68,"column":64},"end":{"line":68,"column":68}}]},"3":{"loc":{"start":{"line":96,"column":8},"end":{"line":101,"column":9}},"type":"if","locations":[{"start":{"line":96,"column":8},"end":{"line":101,"column":9}}]},"4":{"loc":{"start":{"line":109,"column":28},"end":{"line":109,"column":68}},"type":"cond-expr","locations":[{"start":{"line":109,"column":41},"end":{"line":109,"column":61}},{"start":{"line":109,"column":64},"end":{"line":109,"column":68}}]},"5":{"loc":{"start":{"line":123,"column":8},"end":{"line":127,"column":9}},"type":"if","locations":[{"start":{"line":123,"column":8},"end":{"line":127,"column":9}},{"start":{"line":125,"column":15},"end":{"line":127,"column":9}}]},"6":{"loc":{"start":{"line":123,"column":12},"end":{"line":123,"column":78}},"type":"binary-expr","locations":[{"start":{"line":123,"column":12},"end":{"line":123,"column":34}},{"start":{"line":123,"column":38},"end":{"line":123,"column":78}}]},"7":{"loc":{"start":{"line":141,"column":8},"end":{"line":146,"column":9}},"type":"if","locations":[{"start":{"line":141,"column":8},"end":{"line":146,"column":9}}]},"8":{"loc":{"start":{"line":156,"column":8},"end":{"line":160,"column":9}},"type":"if","locations":[{"start":{"line":156,"column":8},"end":{"line":160,"column":9}},{"start":{"line":158,"column":15},"end":{"line":160,"column":9}}]},"9":{"loc":{"start":{"line":156,"column":12},"end":{"line":156,"column":78}},"type":"binary-expr","locations":[{"start":{"line":156,"column":12},"end":{"line":156,"column":34}},{"start":{"line":156,"column":38},"end":{"line":156,"column":78}}]}},"s":{"0":12,"1":12,"2":1,"3":1,"4":1,"5":1,"6":0,"7":0,"8":12,"9":12,"10":3,"11":3,"12":3,"13":3,"14":3,"15":1,"16":1,"17":2,"18":2,"19":1,"20":1,"21":1,"22":0,"23":0,"24":12,"25":12,"26":1,"27":1,"28":1,"29":1,"30":1,"31":0,"32":0,"33":12,"34":12,"35":2,"36":2,"37":2,"38":2,"39":2,"40":2,"41":1,"42":1,"43":1,"44":1,"45":0,"46":0,"47":0,"48":0,"49":12,"50":12,"51":2,"52":2,"53":2,"54":2,"55":2,"56":1,"57":1,"58":1,"59":1,"60":0,"61":0,"62":0,"63":0,"64":12},"f":{"0":1,"1":1,"2":3,"3":3,"4":1,"5":1,"6":2,"7":2,"8":2,"9":2},"b":{"0":[1],"1":[1],"2":[1,0],"3":[1],"4":[0,1],"5":[0,0],"6":[0,0],"7":[1],"8":[0,0],"9":[0,0]}}
,"C:\\Users\\Yanis\\Documents\\iut\\wwe_app\\api\\src\\routes\\events.ts": {"path":"C:\\Users\\Yanis\\Documents\\iut\\wwe_app\\api\\src\\routes\\events.ts","statementMap":{"0":{"start":{"line":2,"column":0},"end":{"line":2,"column":31}},"1":{"start":{"line":5,"column":28},"end":{"line":19,"column":2}},"2":{"start":{"line":5,"column":81},"end":{"line":19,"column":2}},"3":{"start":{"line":7,"column":4},"end":{"line":17,"column":5}},"4":{"start":{"line":9,"column":23},"end":{"line":9,"column":52}},"5":{"start":{"line":10,"column":8},"end":{"line":10,"column":37}},"6":{"start":{"line":14,"column":8},"end":{"line":14,"column":54}},"7":{"start":{"line":15,"column":8},"end":{"line":15,"column":88}},"8":{"start":{"line":5,"column":13},"end":{"line":5,"column":28}},"9":{"start":{"line":22,"column":28},"end":{"line":54,"column":2}},"10":{"start":{"line":22,"column":81},"end":{"line":54,"column":2}},"11":{"start":{"line":24,"column":4},"end":{"line":52,"column":5}},"12":{"start":{"line":26,"column":23},"end":{"line":26,"column":33}},"13":{"start":{"line":27,"column":24},"end":{"line":27,"column":34}},"14":{"start":{"line":29,"column":8},"end":{"line":34,"column":9}},"15":{"start":{"line":31,"column":12},"end":{"line":31,"column":76}},"16":{"start":{"line":32,"column":12},"end":{"line":32,"column":19}},"17":{"start":{"line":36,"column":22},"end":{"line":36,"column":79}},"18":{"start":{"line":38,"column":8},"end":{"line":43,"column":9}},"19":{"start":{"line":40,"column":12},"end":{"line":40,"column":70}},"20":{"start":{"line":41,"column":12},"end":{"line":41,"column":19}},"21":{"start":{"line":45,"column":8},"end":{"line":45,"column":36}},"22":{"start":{"line":49,"column":8},"end":{"line":49,"column":54}},"23":{"start":{"line":50,"column":8},"end":{"line":50,"column":88}},"24":{"start":{"line":22,"column":13},"end":{"line":22,"column":28}},"25":{"start":{"line":57,"column":27},"end":{"line":83,"column":2}},"26":{"start":{"line":57,"column":80},"end":{"line":83,"column":2}},"27":{"start":{"line":59,"column":4},"end":{"line":81,"column":5}},"28":{"start":{"line":61,"column":25},"end":{"line":61,"column":33}},"29":{"start":{"line":63,"column":8},"end":{"line":68,"column":9}},"30":{"start":{"line":65,"column":12},"end":{"line":65,"column":74}},"31":{"start":{"line":66,"column":12},"end":{"line":66,"column":19}},"32":{"start":{"line":70,"column":25},"end":{"line":72,"column":10}},"33":{"start":{"line":74,"column":8},"end":{"line":74,"column":39}},"34":{"start":{"line":78,"column":8},"end":{"line":78,"column":53}},"35":{"start":{"line":79,"column":8},"end":{"line":79,"column":88}},"36":{"start":{"line":57,"column":13},"end":{"line":57,"column":27}},"37":{"start":{"line":86,"column":27},"end":{"line":127,"column":2}},"38":{"start":{"line":86,"column":80},"end":{"line":127,"column":2}},"39":{"start":{"line":88,"column":4},"end":{"line":125,"column":5}},"40":{"start":{"line":90,"column":23},"end":{"line":90,"column":33}},"41":{"start":{"line":91,"column":25},"end":{"line":91,"column":33}},"42":{"start":{"line":92,"column":24},"end":{"line":92,"column":34}},"43":{"start":{"line":94,"column":8},"end":{"line":99,"column":9}},"44":{"start":{"line":96,"column":12},"end":{"line":96,"column":76}},"45":{"start":{"line":97,"column":12},"end":{"line":97,"column":19}},"46":{"start":{"line":101,"column":8},"end":{"line":106,"column":9}},"47":{"start":{"line":103,"column":12},"end":{"line":103,"column":74}},"48":{"start":{"line":104,"column":12},"end":{"line":104,"column":19}},"49":{"start":{"line":108,"column":29},"end":{"line":111,"column":10}},"50":{"start":{"line":113,"column":8},"end":{"line":113,"column":43}},"51":{"start":{"line":117,"column":8},"end":{"line":117,"column":53}},"52":{"start":{"line":119,"column":8},"end":{"line":123,"column":9}},"53":{"start":{"line":120,"column":12},"end":{"line":120,"column":70}},"54":{"start":{"line":122,"column":12},"end":{"line":122,"column":92}},"55":{"start":{"line":86,"column":13},"end":{"line":86,"column":27}},"56":{"start":{"line":130,"column":27},"end":{"line":160,"column":2}},"57":{"start":{"line":130,"column":80},"end":{"line":160,"column":2}},"58":{"start":{"line":132,"column":4},"end":{"line":158,"column":5}},"59":{"start":{"line":134,"column":23},"end":{"line":134,"column":33}},"60":{"start":{"line":135,"column":24},"end":{"line":135,"column":34}},"61":{"start":{"line":137,"column":8},"end":{"line":142,"column":9}},"62":{"start":{"line":139,"column":12},"end":{"line":139,"column":76}},"63":{"start":{"line":140,"column":12},"end":{"line":140,"column":19}},"64":{"start":{"line":144,"column":8},"end":{"line":144,"column":62}},"65":{"start":{"line":146,"column":8},"end":{"line":146,"column":30}},"66":{"start":{"line":150,"column":8},"end":{"line":150,"column":53}},"67":{"start":{"line":152,"column":8},"end":{"line":156,"column":9}},"68":{"start":{"line":153,"column":12},"end":{"line":153,"column":70}},"69":{"start":{"line":155,"column":12},"end":{"line":155,"column":92}},"70":{"start":{"line":130,"column":13},"end":{"line":130,"column":27}}},"fnMap":{"0":{"name":"(anonymous_8)","decl":{"start":{"line":5,"column":28},"end":{"line":5,"column":35}},"loc":{"start":{"line":5,"column":81},"end":{"line":19,"column":2}}},"1":{"name":"(anonymous_9)","decl":{"start":{"line":5,"column":81},"end":{"line":5,"column":null}},"loc":{"start":{"line":5,"column":81},"end":{"line":19,"column":1}}},"2":{"name":"(anonymous_10)","decl":{"start":{"line":22,"column":28},"end":{"line":22,"column":35}},"loc":{"start":{"line":22,"column":81},"end":{"line":54,"column":2}}},"3":{"name":"(anonymous_11)","decl":{"start":{"line":22,"column":81},"end":{"line":22,"column":null}},"loc":{"start":{"line":22,"column":81},"end":{"line":54,"column":1}}},"4":{"name":"(anonymous_12)","decl":{"start":{"line":57,"column":27},"end":{"line":57,"column":34}},"loc":{"start":{"line":57,"column":80},"end":{"line":83,"column":2}}},"5":{"name":"(anonymous_13)","decl":{"start":{"line":57,"column":80},"end":{"line":57,"column":null}},"loc":{"start":{"line":57,"column":80},"end":{"line":83,"column":1}}},"6":{"name":"(anonymous_14)","decl":{"start":{"line":86,"column":27},"end":{"line":86,"column":34}},"loc":{"start":{"line":86,"column":80},"end":{"line":127,"column":2}}},"7":{"name":"(anonymous_15)","decl":{"start":{"line":86,"column":80},"end":{"line":86,"column":null}},"loc":{"start":{"line":86,"column":80},"end":{"line":127,"column":1}}},"8":{"name":"(anonymous_16)","decl":{"start":{"line":130,"column":27},"end":{"line":130,"column":34}},"loc":{"start":{"line":130,"column":80},"end":{"line":160,"column":2}}},"9":{"name":"(anonymous_17)","decl":{"start":{"line":130,"column":80},"end":{"line":130,"column":null}},"loc":{"start":{"line":130,"column":80},"end":{"line":160,"column":1}}}},"branchMap":{"0":{"loc":{"start":{"line":29,"column":8},"end":{"line":34,"column":9}},"type":"if","locations":[{"start":{"line":29,"column":8},"end":{"line":34,"column":9}}]},"1":{"loc":{"start":{"line":38,"column":8},"end":{"line":43,"column":9}},"type":"if","locations":[{"start":{"line":38,"column":8},"end":{"line":43,"column":9}}]},"2":{"loc":{"start":{"line":63,"column":8},"end":{"line":68,"column":9}},"type":"if","locations":[{"start":{"line":63,"column":8},"end":{"line":68,"column":9}}]},"3":{"loc":{"start":{"line":94,"column":8},"end":{"line":99,"column":9}},"type":"if","locations":[{"start":{"line":94,"column":8},"end":{"line":99,"column":9}}]},"4":{"loc":{"start":{"line":101,"column":8},"end":{"line":106,"column":9}},"type":"if","locations":[{"start":{"line":101,"column":8},"end":{"line":106,"column":9}}]},"5":{"loc":{"start":{"line":119,"column":8},"end":{"line":123,"column":9}},"type":"if","locations":[{"start":{"line":119,"column":8},"end":{"line":123,"column":9}},{"start":{"line":121,"column":15},"end":{"line":123,"column":9}}]},"6":{"loc":{"start":{"line":119,"column":12},"end":{"line":119,"column":78}},"type":"binary-expr","locations":[{"start":{"line":119,"column":12},"end":{"line":119,"column":34}},{"start":{"line":119,"column":38},"end":{"line":119,"column":78}}]},"7":{"loc":{"start":{"line":137,"column":8},"end":{"line":142,"column":9}},"type":"if","locations":[{"start":{"line":137,"column":8},"end":{"line":142,"column":9}}]},"8":{"loc":{"start":{"line":152,"column":8},"end":{"line":156,"column":9}},"type":"if","locations":[{"start":{"line":152,"column":8},"end":{"line":156,"column":9}},{"start":{"line":154,"column":15},"end":{"line":156,"column":9}}]},"9":{"loc":{"start":{"line":152,"column":12},"end":{"line":152,"column":78}},"type":"binary-expr","locations":[{"start":{"line":152,"column":12},"end":{"line":152,"column":34}},{"start":{"line":152,"column":38},"end":{"line":152,"column":78}}]}},"s":{"0":12,"1":12,"2":1,"3":1,"4":1,"5":1,"6":0,"7":0,"8":12,"9":12,"10":3,"11":3,"12":3,"13":3,"14":3,"15":1,"16":1,"17":2,"18":2,"19":1,"20":1,"21":1,"22":0,"23":0,"24":12,"25":12,"26":1,"27":1,"28":1,"29":1,"30":0,"31":0,"32":1,"33":1,"34":0,"35":0,"36":12,"37":12,"38":2,"39":2,"40":2,"41":2,"42":2,"43":2,"44":1,"45":1,"46":1,"47":0,"48":0,"49":1,"50":1,"51":0,"52":0,"53":0,"54":0,"55":12,"56":12,"57":2,"58":2,"59":2,"60":2,"61":2,"62":1,"63":1,"64":1,"65":1,"66":0,"67":0,"68":0,"69":0,"70":12},"f":{"0":1,"1":1,"2":3,"3":3,"4":1,"5":1,"6":2,"7":2,"8":2,"9":2},"b":{"0":[1],"1":[1],"2":[0],"3":[1],"4":[0],"5":[0,0],"6":[0,0],"7":[1],"8":[0,0],"9":[0,0]}}
,"C:\\Users\\Yanis\\Documents\\iut\\wwe_app\\api\\src\\routes\\hello.ts": {"path":"C:\\Users\\Yanis\\Documents\\iut\\wwe_app\\api\\src\\routes\\hello.ts","statementMap":{"0":{"start":{"line":3,"column":0},"end":{"line":3,"column":16}},"1":{"start":{"line":4,"column":4},"end":{"line":4,"column":55}}},"fnMap":{"0":{"name":"Hello","decl":{"start":{"line":3,"column":16},"end":{"line":3,"column":21}},"loc":{"start":{"line":3,"column":49},"end":{"line":5,"column":1}}}},"branchMap":{},"s":{"0":12,"1":1},"f":{"0":1},"b":{}}
,"C:\\Users\\Yanis\\Documents\\iut\\wwe_app\\api\\src\\routes\\locations.ts": {"path":"C:\\Users\\Yanis\\Documents\\iut\\wwe_app\\api\\src\\routes\\locations.ts","statementMap":{"0":{"start":{"line":2,"column":0},"end":{"line":2,"column":31}},"1":{"start":{"line":5,"column":31},"end":{"line":19,"column":2}},"2":{"start":{"line":5,"column":84},"end":{"line":19,"column":2}},"3":{"start":{"line":7,"column":4},"end":{"line":17,"column":5}},"4":{"start":{"line":9,"column":26},"end":{"line":9,"column":58}},"5":{"start":{"line":10,"column":8},"end":{"line":10,"column":40}},"6":{"start":{"line":14,"column":8},"end":{"line":14,"column":57}},"7":{"start":{"line":15,"column":8},"end":{"line":15,"column":88}},"8":{"start":{"line":5,"column":13},"end":{"line":5,"column":31}},"9":{"start":{"line":22,"column":31},"end":{"line":54,"column":2}},"10":{"start":{"line":22,"column":84},"end":{"line":54,"column":2}},"11":{"start":{"line":24,"column":4},"end":{"line":52,"column":5}},"12":{"start":{"line":26,"column":23},"end":{"line":26,"column":33}},"13":{"start":{"line":27,"column":27},"end":{"line":27,"column":37}},"14":{"start":{"line":29,"column":8},"end":{"line":34,"column":9}},"15":{"start":{"line":31,"column":12},"end":{"line":31,"column":76}},"16":{"start":{"line":32,"column":12},"end":{"line":32,"column":19}},"17":{"start":{"line":36,"column":25},"end":{"line":36,"column":88}},"18":{"start":{"line":38,"column":8},"end":{"line":43,"column":9}},"19":{"start":{"line":40,"column":12},"end":{"line":40,"column":75}},"20":{"start":{"line":41,"column":12},"end":{"line":41,"column":19}},"21":{"start":{"line":45,"column":8},"end":{"line":45,"column":39}},"22":{"start":{"line":49,"column":8},"end":{"line":49,"column":57}},"23":{"start":{"line":50,"column":8},"end":{"line":50,"column":88}},"24":{"start":{"line":22,"column":13},"end":{"line":22,"column":31}},"25":{"start":{"line":57,"column":30},"end":{"line":83,"column":2}},"26":{"start":{"line":57,"column":83},"end":{"line":83,"column":2}},"27":{"start":{"line":59,"column":4},"end":{"line":81,"column":5}},"28":{"start":{"line":61,"column":25},"end":{"line":61,"column":33}},"29":{"start":{"line":63,"column":8},"end":{"line":68,"column":9}},"30":{"start":{"line":65,"column":12},"end":{"line":65,"column":74}},"31":{"start":{"line":66,"column":12},"end":{"line":66,"column":19}},"32":{"start":{"line":70,"column":28},"end":{"line":72,"column":10}},"33":{"start":{"line":74,"column":8},"end":{"line":74,"column":42}},"34":{"start":{"line":78,"column":8},"end":{"line":78,"column":56}},"35":{"start":{"line":79,"column":8},"end":{"line":79,"column":88}},"36":{"start":{"line":57,"column":13},"end":{"line":57,"column":30}},"37":{"start":{"line":86,"column":30},"end":{"line":127,"column":2}},"38":{"start":{"line":86,"column":83},"end":{"line":127,"column":2}},"39":{"start":{"line":88,"column":4},"end":{"line":125,"column":5}},"40":{"start":{"line":90,"column":23},"end":{"line":90,"column":33}},"41":{"start":{"line":91,"column":25},"end":{"line":91,"column":33}},"42":{"start":{"line":92,"column":27},"end":{"line":92,"column":37}},"43":{"start":{"line":94,"column":8},"end":{"line":99,"column":9}},"44":{"start":{"line":96,"column":12},"end":{"line":96,"column":76}},"45":{"start":{"line":97,"column":12},"end":{"line":97,"column":19}},"46":{"start":{"line":101,"column":8},"end":{"line":106,"column":9}},"47":{"start":{"line":103,"column":12},"end":{"line":103,"column":74}},"48":{"start":{"line":104,"column":12},"end":{"line":104,"column":19}},"49":{"start":{"line":108,"column":32},"end":{"line":111,"column":10}},"50":{"start":{"line":113,"column":8},"end":{"line":113,"column":46}},"51":{"start":{"line":117,"column":8},"end":{"line":117,"column":56}},"52":{"start":{"line":119,"column":8},"end":{"line":123,"column":9}},"53":{"start":{"line":120,"column":12},"end":{"line":120,"column":75}},"54":{"start":{"line":122,"column":12},"end":{"line":122,"column":92}},"55":{"start":{"line":86,"column":13},"end":{"line":86,"column":30}},"56":{"start":{"line":130,"column":30},"end":{"line":162,"column":2}},"57":{"start":{"line":130,"column":83},"end":{"line":162,"column":2}},"58":{"start":{"line":132,"column":4},"end":{"line":160,"column":5}},"59":{"start":{"line":134,"column":23},"end":{"line":134,"column":33}},"60":{"start":{"line":135,"column":27},"end":{"line":135,"column":37}},"61":{"start":{"line":137,"column":8},"end":{"line":142,"column":9}},"62":{"start":{"line":139,"column":12},"end":{"line":139,"column":76}},"63":{"start":{"line":140,"column":12},"end":{"line":140,"column":19}},"64":{"start":{"line":144,"column":8},"end":{"line":144,"column":68}},"65":{"start":{"line":146,"column":8},"end":{"line":146,"column":30}},"66":{"start":{"line":150,"column":8},"end":{"line":150,"column":56}},"67":{"start":{"line":152,"column":8},"end":{"line":158,"column":9}},"68":{"start":{"line":153,"column":12},"end":{"line":153,"column":75}},"69":{"start":{"line":154,"column":15},"end":{"line":158,"column":9}},"70":{"start":{"line":155,"column":12},"end":{"line":155,"column":139}},"71":{"start":{"line":157,"column":12},"end":{"line":157,"column":92}},"72":{"start":{"line":130,"column":13},"end":{"line":130,"column":30}}},"fnMap":{"0":{"name":"(anonymous_8)","decl":{"start":{"line":5,"column":31},"end":{"line":5,"column":38}},"loc":{"start":{"line":5,"column":84},"end":{"line":19,"column":2}}},"1":{"name":"(anonymous_9)","decl":{"start":{"line":5,"column":84},"end":{"line":5,"column":null}},"loc":{"start":{"line":5,"column":84},"end":{"line":19,"column":1}}},"2":{"name":"(anonymous_10)","decl":{"start":{"line":22,"column":31},"end":{"line":22,"column":38}},"loc":{"start":{"line":22,"column":84},"end":{"line":54,"column":2}}},"3":{"name":"(anonymous_11)","decl":{"start":{"line":22,"column":84},"end":{"line":22,"column":null}},"loc":{"start":{"line":22,"column":84},"end":{"line":54,"column":1}}},"4":{"name":"(anonymous_12)","decl":{"start":{"line":57,"column":30},"end":{"line":57,"column":37}},"loc":{"start":{"line":57,"column":83},"end":{"line":83,"column":2}}},"5":{"name":"(anonymous_13)","decl":{"start":{"line":57,"column":83},"end":{"line":57,"column":null}},"loc":{"start":{"line":57,"column":83},"end":{"line":83,"column":1}}},"6":{"name":"(anonymous_14)","decl":{"start":{"line":86,"column":30},"end":{"line":86,"column":37}},"loc":{"start":{"line":86,"column":83},"end":{"line":127,"column":2}}},"7":{"name":"(anonymous_15)","decl":{"start":{"line":86,"column":83},"end":{"line":86,"column":null}},"loc":{"start":{"line":86,"column":83},"end":{"line":127,"column":1}}},"8":{"name":"(anonymous_16)","decl":{"start":{"line":130,"column":30},"end":{"line":130,"column":37}},"loc":{"start":{"line":130,"column":83},"end":{"line":162,"column":2}}},"9":{"name":"(anonymous_17)","decl":{"start":{"line":130,"column":83},"end":{"line":130,"column":null}},"loc":{"start":{"line":130,"column":83},"end":{"line":162,"column":1}}}},"branchMap":{"0":{"loc":{"start":{"line":29,"column":8},"end":{"line":34,"column":9}},"type":"if","locations":[{"start":{"line":29,"column":8},"end":{"line":34,"column":9}}]},"1":{"loc":{"start":{"line":38,"column":8},"end":{"line":43,"column":9}},"type":"if","locations":[{"start":{"line":38,"column":8},"end":{"line":43,"column":9}}]},"2":{"loc":{"start":{"line":63,"column":8},"end":{"line":68,"column":9}},"type":"if","locations":[{"start":{"line":63,"column":8},"end":{"line":68,"column":9}}]},"3":{"loc":{"start":{"line":94,"column":8},"end":{"line":99,"column":9}},"type":"if","locations":[{"start":{"line":94,"column":8},"end":{"line":99,"column":9}}]},"4":{"loc":{"start":{"line":101,"column":8},"end":{"line":106,"column":9}},"type":"if","locations":[{"start":{"line":101,"column":8},"end":{"line":106,"column":9}}]},"5":{"loc":{"start":{"line":119,"column":8},"end":{"line":123,"column":9}},"type":"if","locations":[{"start":{"line":119,"column":8},"end":{"line":123,"column":9}},{"start":{"line":121,"column":15},"end":{"line":123,"column":9}}]},"6":{"loc":{"start":{"line":119,"column":12},"end":{"line":119,"column":78}},"type":"binary-expr","locations":[{"start":{"line":119,"column":12},"end":{"line":119,"column":34}},{"start":{"line":119,"column":38},"end":{"line":119,"column":78}}]},"7":{"loc":{"start":{"line":137,"column":8},"end":{"line":142,"column":9}},"type":"if","locations":[{"start":{"line":137,"column":8},"end":{"line":142,"column":9}}]},"8":{"loc":{"start":{"line":152,"column":8},"end":{"line":158,"column":9}},"type":"if","locations":[{"start":{"line":152,"column":8},"end":{"line":158,"column":9}},{"start":{"line":154,"column":15},"end":{"line":158,"column":9}}]},"9":{"loc":{"start":{"line":152,"column":12},"end":{"line":152,"column":78}},"type":"binary-expr","locations":[{"start":{"line":152,"column":12},"end":{"line":152,"column":34}},{"start":{"line":152,"column":38},"end":{"line":152,"column":78}}]},"10":{"loc":{"start":{"line":154,"column":15},"end":{"line":158,"column":9}},"type":"if","locations":[{"start":{"line":154,"column":15},"end":{"line":158,"column":9}},{"start":{"line":156,"column":15},"end":{"line":158,"column":9}}]}},"s":{"0":12,"1":12,"2":1,"3":1,"4":1,"5":1,"6":0,"7":0,"8":12,"9":12,"10":3,"11":3,"12":3,"13":3,"14":3,"15":1,"16":1,"17":2,"18":2,"19":1,"20":1,"21":1,"22":0,"23":0,"24":12,"25":12,"26":2,"27":2,"28":2,"29":2,"30":1,"31":1,"32":1,"33":1,"34":0,"35":0,"36":12,"37":12,"38":2,"39":2,"40":2,"41":2,"42":2,"43":2,"44":1,"45":1,"46":1,"47":0,"48":0,"49":1,"50":1,"51":0,"52":0,"53":0,"54":0,"55":12,"56":12,"57":2,"58":2,"59":2,"60":2,"61":2,"62":1,"63":1,"64":1,"65":1,"66":0,"67":0,"68":0,"69":0,"70":0,"71":0,"72":12},"f":{"0":1,"1":1,"2":3,"3":3,"4":2,"5":2,"6":2,"7":2,"8":2,"9":2},"b":{"0":[1],"1":[1],"2":[1],"3":[1],"4":[0],"5":[0,0],"6":[0,0],"7":[1],"8":[0,0],"9":[0,0],"10":[0,0]}}
,"C:\\Users\\Yanis\\Documents\\iut\\wwe_app\\api\\src\\routes\\matchTypes.ts": {"path":"C:\\Users\\Yanis\\Documents\\iut\\wwe_app\\api\\src\\routes\\matchTypes.ts","statementMap":{"0":{"start":{"line":2,"column":0},"end":{"line":2,"column":31}},"1":{"start":{"line":5,"column":32},"end":{"line":19,"column":2}},"2":{"start":{"line":5,"column":85},"end":{"line":19,"column":2}},"3":{"start":{"line":7,"column":4},"end":{"line":17,"column":5}},"4":{"start":{"line":9,"column":27},"end":{"line":9,"column":60}},"5":{"start":{"line":10,"column":8},"end":{"line":10,"column":41}},"6":{"start":{"line":14,"column":8},"end":{"line":14,"column":58}},"7":{"start":{"line":15,"column":8},"end":{"line":15,"column":88}},"8":{"start":{"line":5,"column":13},"end":{"line":5,"column":32}},"9":{"start":{"line":22,"column":32},"end":{"line":54,"column":2}},"10":{"start":{"line":22,"column":85},"end":{"line":54,"column":2}},"11":{"start":{"line":24,"column":4},"end":{"line":52,"column":5}},"12":{"start":{"line":26,"column":23},"end":{"line":26,"column":33}},"13":{"start":{"line":27,"column":28},"end":{"line":27,"column":38}},"14":{"start":{"line":29,"column":8},"end":{"line":34,"column":9}},"15":{"start":{"line":31,"column":12},"end":{"line":31,"column":76}},"16":{"start":{"line":32,"column":12},"end":{"line":32,"column":19}},"17":{"start":{"line":36,"column":26},"end":{"line":36,"column":91}},"18":{"start":{"line":38,"column":8},"end":{"line":43,"column":9}},"19":{"start":{"line":40,"column":12},"end":{"line":40,"column":74}},"20":{"start":{"line":41,"column":12},"end":{"line":41,"column":19}},"21":{"start":{"line":45,"column":8},"end":{"line":45,"column":40}},"22":{"start":{"line":49,"column":8},"end":{"line":49,"column":58}},"23":{"start":{"line":50,"column":8},"end":{"line":50,"column":88}},"24":{"start":{"line":22,"column":13},"end":{"line":22,"column":32}},"25":{"start":{"line":57,"column":31},"end":{"line":83,"column":2}},"26":{"start":{"line":57,"column":84},"end":{"line":83,"column":2}},"27":{"start":{"line":59,"column":4},"end":{"line":81,"column":5}},"28":{"start":{"line":61,"column":25},"end":{"line":61,"column":33}},"29":{"start":{"line":63,"column":8},"end":{"line":68,"column":9}},"30":{"start":{"line":65,"column":12},"end":{"line":65,"column":74}},"31":{"start":{"line":66,"column":12},"end":{"line":66,"column":19}},"32":{"start":{"line":70,"column":29},"end":{"line":72,"column":10}},"33":{"start":{"line":74,"column":8},"end":{"line":74,"column":43}},"34":{"start":{"line":78,"column":8},"end":{"line":78,"column":57}},"35":{"start":{"line":79,"column":8},"end":{"line":79,"column":88}},"36":{"start":{"line":57,"column":13},"end":{"line":57,"column":31}},"37":{"start":{"line":86,"column":31},"end":{"line":127,"column":2}},"38":{"start":{"line":86,"column":84},"end":{"line":127,"column":2}},"39":{"start":{"line":88,"column":4},"end":{"line":125,"column":5}},"40":{"start":{"line":90,"column":23},"end":{"line":90,"column":33}},"41":{"start":{"line":91,"column":25},"end":{"line":91,"column":33}},"42":{"start":{"line":92,"column":28},"end":{"line":92,"column":38}},"43":{"start":{"line":94,"column":8},"end":{"line":99,"column":9}},"44":{"start":{"line":96,"column":12},"end":{"line":96,"column":76}},"45":{"start":{"line":97,"column":12},"end":{"line":97,"column":19}},"46":{"start":{"line":101,"column":8},"end":{"line":106,"column":9}},"47":{"start":{"line":103,"column":12},"end":{"line":103,"column":74}},"48":{"start":{"line":104,"column":12},"end":{"line":104,"column":19}},"49":{"start":{"line":108,"column":33},"end":{"line":111,"column":10}},"50":{"start":{"line":113,"column":8},"end":{"line":113,"column":47}},"51":{"start":{"line":117,"column":8},"end":{"line":117,"column":57}},"52":{"start":{"line":119,"column":8},"end":{"line":123,"column":9}},"53":{"start":{"line":120,"column":12},"end":{"line":120,"column":74}},"54":{"start":{"line":122,"column":12},"end":{"line":122,"column":92}},"55":{"start":{"line":86,"column":13},"end":{"line":86,"column":31}},"56":{"start":{"line":130,"column":31},"end":{"line":162,"column":2}},"57":{"start":{"line":130,"column":84},"end":{"line":162,"column":2}},"58":{"start":{"line":132,"column":4},"end":{"line":160,"column":5}},"59":{"start":{"line":134,"column":23},"end":{"line":134,"column":33}},"60":{"start":{"line":135,"column":28},"end":{"line":135,"column":38}},"61":{"start":{"line":137,"column":8},"end":{"line":142,"column":9}},"62":{"start":{"line":139,"column":12},"end":{"line":139,"column":76}},"63":{"start":{"line":140,"column":12},"end":{"line":140,"column":19}},"64":{"start":{"line":144,"column":8},"end":{"line":144,"column":70}},"65":{"start":{"line":146,"column":8},"end":{"line":146,"column":30}},"66":{"start":{"line":150,"column":8},"end":{"line":150,"column":57}},"67":{"start":{"line":152,"column":8},"end":{"line":158,"column":9}},"68":{"start":{"line":153,"column":12},"end":{"line":153,"column":74}},"69":{"start":{"line":154,"column":15},"end":{"line":158,"column":9}},"70":{"start":{"line":155,"column":12},"end":{"line":155,"column":138}},"71":{"start":{"line":157,"column":12},"end":{"line":157,"column":92}},"72":{"start":{"line":130,"column":13},"end":{"line":130,"column":31}}},"fnMap":{"0":{"name":"(anonymous_8)","decl":{"start":{"line":5,"column":32},"end":{"line":5,"column":39}},"loc":{"start":{"line":5,"column":85},"end":{"line":19,"column":2}}},"1":{"name":"(anonymous_9)","decl":{"start":{"line":5,"column":85},"end":{"line":5,"column":null}},"loc":{"start":{"line":5,"column":85},"end":{"line":19,"column":1}}},"2":{"name":"(anonymous_10)","decl":{"start":{"line":22,"column":32},"end":{"line":22,"column":39}},"loc":{"start":{"line":22,"column":85},"end":{"line":54,"column":2}}},"3":{"name":"(anonymous_11)","decl":{"start":{"line":22,"column":85},"end":{"line":22,"column":null}},"loc":{"start":{"line":22,"column":85},"end":{"line":54,"column":1}}},"4":{"name":"(anonymous_12)","decl":{"start":{"line":57,"column":31},"end":{"line":57,"column":38}},"loc":{"start":{"line":57,"column":84},"end":{"line":83,"column":2}}},"5":{"name":"(anonymous_13)","decl":{"start":{"line":57,"column":84},"end":{"line":57,"column":null}},"loc":{"start":{"line":57,"column":84},"end":{"line":83,"column":1}}},"6":{"name":"(anonymous_14)","decl":{"start":{"line":86,"column":31},"end":{"line":86,"column":38}},"loc":{"start":{"line":86,"column":84},"end":{"line":127,"column":2}}},"7":{"name":"(anonymous_15)","decl":{"start":{"line":86,"column":84},"end":{"line":86,"column":null}},"loc":{"start":{"line":86,"column":84},"end":{"line":127,"column":1}}},"8":{"name":"(anonymous_16)","decl":{"start":{"line":130,"column":31},"end":{"line":130,"column":38}},"loc":{"start":{"line":130,"column":84},"end":{"line":162,"column":2}}},"9":{"name":"(anonymous_17)","decl":{"start":{"line":130,"column":84},"end":{"line":130,"column":null}},"loc":{"start":{"line":130,"column":84},"end":{"line":162,"column":1}}}},"branchMap":{"0":{"loc":{"start":{"line":29,"column":8},"end":{"line":34,"column":9}},"type":"if","locations":[{"start":{"line":29,"column":8},"end":{"line":34,"column":9}}]},"1":{"loc":{"start":{"line":38,"column":8},"end":{"line":43,"column":9}},"type":"if","locations":[{"start":{"line":38,"column":8},"end":{"line":43,"column":9}}]},"2":{"loc":{"start":{"line":63,"column":8},"end":{"line":68,"column":9}},"type":"if","locations":[{"start":{"line":63,"column":8},"end":{"line":68,"column":9}}]},"3":{"loc":{"start":{"line":94,"column":8},"end":{"line":99,"column":9}},"type":"if","locations":[{"start":{"line":94,"column":8},"end":{"line":99,"column":9}}]},"4":{"loc":{"start":{"line":101,"column":8},"end":{"line":106,"column":9}},"type":"if","locations":[{"start":{"line":101,"column":8},"end":{"line":106,"column":9}}]},"5":{"loc":{"start":{"line":119,"column":8},"end":{"line":123,"column":9}},"type":"if","locations":[{"start":{"line":119,"column":8},"end":{"line":123,"column":9}},{"start":{"line":121,"column":15},"end":{"line":123,"column":9}}]},"6":{"loc":{"start":{"line":119,"column":12},"end":{"line":119,"column":78}},"type":"binary-expr","locations":[{"start":{"line":119,"column":12},"end":{"line":119,"column":34}},{"start":{"line":119,"column":38},"end":{"line":119,"column":78}}]},"7":{"loc":{"start":{"line":137,"column":8},"end":{"line":142,"column":9}},"type":"if","locations":[{"start":{"line":137,"column":8},"end":{"line":142,"column":9}}]},"8":{"loc":{"start":{"line":152,"column":8},"end":{"line":158,"column":9}},"type":"if","locations":[{"start":{"line":152,"column":8},"end":{"line":158,"column":9}},{"start":{"line":154,"column":15},"end":{"line":158,"column":9}}]},"9":{"loc":{"start":{"line":152,"column":12},"end":{"line":152,"column":78}},"type":"binary-expr","locations":[{"start":{"line":152,"column":12},"end":{"line":152,"column":34}},{"start":{"line":152,"column":38},"end":{"line":152,"column":78}}]},"10":{"loc":{"start":{"line":154,"column":15},"end":{"line":158,"column":9}},"type":"if","locations":[{"start":{"line":154,"column":15},"end":{"line":158,"column":9}},{"start":{"line":156,"column":15},"end":{"line":158,"column":9}}]}},"s":{"0":12,"1":12,"2":1,"3":1,"4":1,"5":1,"6":0,"7":0,"8":12,"9":12,"10":3,"11":3,"12":3,"13":3,"14":3,"15":1,"16":1,"17":2,"18":2,"19":1,"20":1,"21":1,"22":0,"23":0,"24":12,"25":12,"26":2,"27":2,"28":2,"29":2,"30":1,"31":1,"32":1,"33":1,"34":0,"35":0,"36":12,"37":12,"38":2,"39":2,"40":2,"41":2,"42":2,"43":2,"44":1,"45":1,"46":1,"47":0,"48":0,"49":1,"50":1,"51":0,"52":0,"53":0,"54":0,"55":12,"56":12,"57":2,"58":2,"59":2,"60":2,"61":2,"62":1,"63":1,"64":1,"65":1,"66":0,"67":0,"68":0,"69":0,"70":0,"71":0,"72":12},"f":{"0":1,"1":1,"2":3,"3":3,"4":2,"5":2,"6":2,"7":2,"8":2,"9":2},"b":{"0":[1],"1":[1],"2":[1],"3":[1],"4":[0],"5":[0,0],"6":[0,0],"7":[1],"8":[0,0],"9":[0,0],"10":[0,0]}}
,"C:\\Users\\Yanis\\Documents\\iut\\wwe_app\\api\\src\\routes\\matches.ts": {"path":"C:\\Users\\Yanis\\Documents\\iut\\wwe_app\\api\\src\\routes\\matches.ts","statementMap":{"0":{"start":{"line":2,"column":0},"end":{"line":2,"column":31}},"1":{"start":{"line":5,"column":29},"end":{"line":19,"column":2}},"2":{"start":{"line":5,"column":82},"end":{"line":19,"column":2}},"3":{"start":{"line":7,"column":4},"end":{"line":17,"column":5}},"4":{"start":{"line":9,"column":24},"end":{"line":9,"column":53}},"5":{"start":{"line":10,"column":8},"end":{"line":10,"column":38}},"6":{"start":{"line":14,"column":8},"end":{"line":14,"column":55}},"7":{"start":{"line":15,"column":8},"end":{"line":15,"column":88}},"8":{"start":{"line":5,"column":13},"end":{"line":5,"column":29}},"9":{"start":{"line":22,"column":28},"end":{"line":54,"column":2}},"10":{"start":{"line":22,"column":81},"end":{"line":54,"column":2}},"11":{"start":{"line":24,"column":4},"end":{"line":52,"column":5}},"12":{"start":{"line":26,"column":23},"end":{"line":26,"column":33}},"13":{"start":{"line":27,"column":24},"end":{"line":27,"column":34}},"14":{"start":{"line":29,"column":8},"end":{"line":34,"column":9}},"15":{"start":{"line":31,"column":12},"end":{"line":31,"column":76}},"16":{"start":{"line":32,"column":12},"end":{"line":32,"column":19}},"17":{"start":{"line":36,"column":22},"end":{"line":36,"column":79}},"18":{"start":{"line":38,"column":8},"end":{"line":43,"column":9}},"19":{"start":{"line":40,"column":12},"end":{"line":40,"column":69}},"20":{"start":{"line":41,"column":12},"end":{"line":41,"column":19}},"21":{"start":{"line":45,"column":8},"end":{"line":45,"column":36}},"22":{"start":{"line":49,"column":8},"end":{"line":49,"column":54}},"23":{"start":{"line":50,"column":8},"end":{"line":50,"column":88}},"24":{"start":{"line":22,"column":13},"end":{"line":22,"column":28}},"25":{"start":{"line":57,"column":27},"end":{"line":94,"column":2}},"26":{"start":{"line":57,"column":80},"end":{"line":94,"column":2}},"27":{"start":{"line":59,"column":4},"end":{"line":92,"column":5}},"28":{"start":{"line":70,"column":12},"end":{"line":70,"column":20}},"29":{"start":{"line":72,"column":25},"end":{"line":83,"column":10}},"30":{"start":{"line":85,"column":8},"end":{"line":85,"column":39}},"31":{"start":{"line":89,"column":8},"end":{"line":89,"column":53}},"32":{"start":{"line":90,"column":8},"end":{"line":90,"column":88}},"33":{"start":{"line":57,"column":13},"end":{"line":57,"column":27}},"34":{"start":{"line":97,"column":27},"end":{"line":150,"column":2}},"35":{"start":{"line":97,"column":80},"end":{"line":150,"column":2}},"36":{"start":{"line":99,"column":4},"end":{"line":148,"column":5}},"37":{"start":{"line":101,"column":23},"end":{"line":101,"column":33}},"38":{"start":{"line":111,"column":12},"end":{"line":111,"column":20}},"39":{"start":{"line":113,"column":24},"end":{"line":113,"column":34}},"40":{"start":{"line":115,"column":8},"end":{"line":120,"column":9}},"41":{"start":{"line":117,"column":12},"end":{"line":117,"column":76}},"42":{"start":{"line":118,"column":12},"end":{"line":118,"column":19}},"43":{"start":{"line":122,"column":29},"end":{"line":134,"column":10}},"44":{"start":{"line":136,"column":8},"end":{"line":136,"column":43}},"45":{"start":{"line":140,"column":8},"end":{"line":140,"column":53}},"46":{"start":{"line":142,"column":8},"end":{"line":146,"column":9}},"47":{"start":{"line":143,"column":12},"end":{"line":143,"column":69}},"48":{"start":{"line":145,"column":12},"end":{"line":145,"column":92}},"49":{"start":{"line":97,"column":13},"end":{"line":97,"column":27}},"50":{"start":{"line":153,"column":27},"end":{"line":183,"column":2}},"51":{"start":{"line":153,"column":80},"end":{"line":183,"column":2}},"52":{"start":{"line":155,"column":4},"end":{"line":181,"column":5}},"53":{"start":{"line":157,"column":23},"end":{"line":157,"column":33}},"54":{"start":{"line":158,"column":24},"end":{"line":158,"column":34}},"55":{"start":{"line":160,"column":8},"end":{"line":165,"column":9}},"56":{"start":{"line":162,"column":12},"end":{"line":162,"column":76}},"57":{"start":{"line":163,"column":12},"end":{"line":163,"column":19}},"58":{"start":{"line":167,"column":8},"end":{"line":167,"column":62}},"59":{"start":{"line":169,"column":8},"end":{"line":169,"column":30}},"60":{"start":{"line":173,"column":8},"end":{"line":173,"column":53}},"61":{"start":{"line":175,"column":8},"end":{"line":179,"column":9}},"62":{"start":{"line":176,"column":12},"end":{"line":176,"column":69}},"63":{"start":{"line":178,"column":12},"end":{"line":178,"column":92}},"64":{"start":{"line":153,"column":13},"end":{"line":153,"column":27}}},"fnMap":{"0":{"name":"(anonymous_8)","decl":{"start":{"line":5,"column":29},"end":{"line":5,"column":36}},"loc":{"start":{"line":5,"column":82},"end":{"line":19,"column":2}}},"1":{"name":"(anonymous_9)","decl":{"start":{"line":5,"column":82},"end":{"line":5,"column":null}},"loc":{"start":{"line":5,"column":82},"end":{"line":19,"column":1}}},"2":{"name":"(anonymous_10)","decl":{"start":{"line":22,"column":28},"end":{"line":22,"column":35}},"loc":{"start":{"line":22,"column":81},"end":{"line":54,"column":2}}},"3":{"name":"(anonymous_11)","decl":{"start":{"line":22,"column":81},"end":{"line":22,"column":null}},"loc":{"start":{"line":22,"column":81},"end":{"line":54,"column":1}}},"4":{"name":"(anonymous_12)","decl":{"start":{"line":57,"column":27},"end":{"line":57,"column":34}},"loc":{"start":{"line":57,"column":80},"end":{"line":94,"column":2}}},"5":{"name":"(anonymous_13)","decl":{"start":{"line":57,"column":80},"end":{"line":57,"column":null}},"loc":{"start":{"line":57,"column":80},"end":{"line":94,"column":1}}},"6":{"name":"(anonymous_14)","decl":{"start":{"line":97,"column":27},"end":{"line":97,"column":34}},"loc":{"start":{"line":97,"column":80},"end":{"line":150,"column":2}}},"7":{"name":"(anonymous_15)","decl":{"start":{"line":97,"column":80},"end":{"line":97,"column":null}},"loc":{"start":{"line":97,"column":80},"end":{"line":150,"column":1}}},"8":{"name":"(anonymous_16)","decl":{"start":{"line":153,"column":27},"end":{"line":153,"column":34}},"loc":{"start":{"line":153,"column":80},"end":{"line":183,"column":2}}},"9":{"name":"(anonymous_17)","decl":{"start":{"line":153,"column":80},"end":{"line":153,"column":null}},"loc":{"start":{"line":153,"column":80},"end":{"line":183,"column":1}}}},"branchMap":{"0":{"loc":{"start":{"line":29,"column":8},"end":{"line":34,"column":9}},"type":"if","locations":[{"start":{"line":29,"column":8},"end":{"line":34,"column":9}}]},"1":{"loc":{"start":{"line":38,"column":8},"end":{"line":43,"column":9}},"type":"if","locations":[{"start":{"line":38,"column":8},"end":{"line":43,"column":9}}]},"2":{"loc":{"start":{"line":81,"column":30},"end":{"line":81,"column":74}},"type":"cond-expr","locations":[{"start":{"line":81,"column":45},"end":{"line":81,"column":67}},{"start":{"line":81,"column":70},"end":{"line":81,"column":74}}]},"3":{"loc":{"start":{"line":115,"column":8},"end":{"line":120,"column":9}},"type":"if","locations":[{"start":{"line":115,"column":8},"end":{"line":120,"column":9}}]},"4":{"loc":{"start":{"line":132,"column":30},"end":{"line":132,"column":74}},"type":"cond-expr","locations":[{"start":{"line":132,"column":45},"end":{"line":132,"column":67}},{"start":{"line":132,"column":70},"end":{"line":132,"column":74}}]},"5":{"loc":{"start":{"line":142,"column":8},"end":{"line":146,"column":9}},"type":"if","locations":[{"start":{"line":142,"column":8},"end":{"line":146,"column":9}},{"start":{"line":144,"column":15},"end":{"line":146,"column":9}}]},"6":{"loc":{"start":{"line":142,"column":12},"end":{"line":142,"column":78}},"type":"binary-expr","locations":[{"start":{"line":142,"column":12},"end":{"line":142,"column":34}},{"start":{"line":142,"column":38},"end":{"line":142,"column":78}}]},"7":{"loc":{"start":{"line":160,"column":8},"end":{"line":165,"column":9}},"type":"if","locations":[{"start":{"line":160,"column":8},"end":{"line":165,"column":9}}]},"8":{"loc":{"start":{"line":175,"column":8},"end":{"line":179,"column":9}},"type":"if","locations":[{"start":{"line":175,"column":8},"end":{"line":179,"column":9}},{"start":{"line":177,"column":15},"end":{"line":179,"column":9}}]},"9":{"loc":{"start":{"line":175,"column":12},"end":{"line":175,"column":78}},"type":"binary-expr","locations":[{"start":{"line":175,"column":12},"end":{"line":175,"column":34}},{"start":{"line":175,"column":38},"end":{"line":175,"column":78}}]}},"s":{"0":12,"1":12,"2":1,"3":1,"4":1,"5":1,"6":0,"7":0,"8":12,"9":12,"10":3,"11":3,"12":3,"13":3,"14":3,"15":1,"16":1,"17":2,"18":2,"19":1,"20":1,"21":1,"22":0,"23":0,"24":12,"25":12,"26":1,"27":1,"28":1,"29":1,"30":1,"31":0,"32":0,"33":12,"34":12,"35":2,"36":2,"37":2,"38":2,"39":2,"40":2,"41":1,"42":1,"43":1,"44":1,"45":0,"46":0,"47":0,"48":0,"49":12,"50":12,"51":2,"52":2,"53":2,"54":2,"55":2,"56":1,"57":1,"58":1,"59":1,"60":0,"61":0,"62":0,"63":0,"64":12},"f":{"0":1,"1":1,"2":3,"3":3,"4":1,"5":1,"6":2,"7":2,"8":2,"9":2},"b":{"0":[1],"1":[1],"2":[0,1],"3":[1],"4":[0,1],"5":[0,0],"6":[0,0],"7":[1],"8":[0,0],"9":[0,0]}}
,"C:\\Users\\Yanis\\Documents\\iut\\wwe_app\\api\\src\\routes\\promotions.ts": {"path":"C:\\Users\\Yanis\\Documents\\iut\\wwe_app\\api\\src\\routes\\promotions.ts","statementMap":{"0":{"start":{"line":2,"column":0},"end":{"line":2,"column":31}},"1":{"start":{"line":5,"column":32},"end":{"line":19,"column":2}},"2":{"start":{"line":5,"column":85},"end":{"line":19,"column":2}},"3":{"start":{"line":7,"column":4},"end":{"line":17,"column":5}},"4":{"start":{"line":9,"column":27},"end":{"line":9,"column":60}},"5":{"start":{"line":10,"column":8},"end":{"line":10,"column":41}},"6":{"start":{"line":14,"column":8},"end":{"line":14,"column":58}},"7":{"start":{"line":15,"column":8},"end":{"line":15,"column":88}},"8":{"start":{"line":5,"column":13},"end":{"line":5,"column":32}},"9":{"start":{"line":22,"column":32},"end":{"line":54,"column":2}},"10":{"start":{"line":22,"column":85},"end":{"line":54,"column":2}},"11":{"start":{"line":24,"column":4},"end":{"line":52,"column":5}},"12":{"start":{"line":26,"column":23},"end":{"line":26,"column":33}},"13":{"start":{"line":27,"column":28},"end":{"line":27,"column":38}},"14":{"start":{"line":29,"column":8},"end":{"line":34,"column":9}},"15":{"start":{"line":31,"column":12},"end":{"line":31,"column":76}},"16":{"start":{"line":32,"column":12},"end":{"line":32,"column":19}},"17":{"start":{"line":36,"column":26},"end":{"line":36,"column":91}},"18":{"start":{"line":38,"column":8},"end":{"line":43,"column":9}},"19":{"start":{"line":40,"column":12},"end":{"line":40,"column":76}},"20":{"start":{"line":41,"column":12},"end":{"line":41,"column":19}},"21":{"start":{"line":45,"column":8},"end":{"line":45,"column":40}},"22":{"start":{"line":49,"column":8},"end":{"line":49,"column":58}},"23":{"start":{"line":50,"column":8},"end":{"line":50,"column":88}},"24":{"start":{"line":22,"column":13},"end":{"line":22,"column":32}},"25":{"start":{"line":57,"column":31},"end":{"line":83,"column":2}},"26":{"start":{"line":57,"column":84},"end":{"line":83,"column":2}},"27":{"start":{"line":59,"column":4},"end":{"line":81,"column":5}},"28":{"start":{"line":61,"column":25},"end":{"line":61,"column":33}},"29":{"start":{"line":63,"column":8},"end":{"line":68,"column":9}},"30":{"start":{"line":65,"column":12},"end":{"line":65,"column":74}},"31":{"start":{"line":66,"column":12},"end":{"line":66,"column":19}},"32":{"start":{"line":70,"column":29},"end":{"line":72,"column":10}},"33":{"start":{"line":74,"column":8},"end":{"line":74,"column":43}},"34":{"start":{"line":78,"column":8},"end":{"line":78,"column":57}},"35":{"start":{"line":79,"column":8},"end":{"line":79,"column":88}},"36":{"start":{"line":57,"column":13},"end":{"line":57,"column":31}},"37":{"start":{"line":86,"column":31},"end":{"line":127,"column":2}},"38":{"start":{"line":86,"column":84},"end":{"line":127,"column":2}},"39":{"start":{"line":88,"column":4},"end":{"line":125,"column":5}},"40":{"start":{"line":90,"column":23},"end":{"line":90,"column":33}},"41":{"start":{"line":91,"column":25},"end":{"line":91,"column":33}},"42":{"start":{"line":92,"column":28},"end":{"line":92,"column":38}},"43":{"start":{"line":94,"column":8},"end":{"line":99,"column":9}},"44":{"start":{"line":96,"column":12},"end":{"line":96,"column":76}},"45":{"start":{"line":97,"column":12},"end":{"line":97,"column":19}},"46":{"start":{"line":101,"column":8},"end":{"line":106,"column":9}},"47":{"start":{"line":103,"column":12},"end":{"line":103,"column":74}},"48":{"start":{"line":104,"column":12},"end":{"line":104,"column":19}},"49":{"start":{"line":108,"column":33},"end":{"line":111,"column":10}},"50":{"start":{"line":113,"column":8},"end":{"line":113,"column":47}},"51":{"start":{"line":117,"column":8},"end":{"line":117,"column":57}},"52":{"start":{"line":119,"column":8},"end":{"line":123,"column":9}},"53":{"start":{"line":120,"column":12},"end":{"line":120,"column":76}},"54":{"start":{"line":122,"column":12},"end":{"line":122,"column":92}},"55":{"start":{"line":86,"column":13},"end":{"line":86,"column":31}},"56":{"start":{"line":130,"column":31},"end":{"line":162,"column":2}},"57":{"start":{"line":130,"column":84},"end":{"line":162,"column":2}},"58":{"start":{"line":132,"column":4},"end":{"line":160,"column":5}},"59":{"start":{"line":134,"column":23},"end":{"line":134,"column":33}},"60":{"start":{"line":135,"column":28},"end":{"line":135,"column":38}},"61":{"start":{"line":137,"column":8},"end":{"line":142,"column":9}},"62":{"start":{"line":139,"column":12},"end":{"line":139,"column":76}},"63":{"start":{"line":140,"column":12},"end":{"line":140,"column":19}},"64":{"start":{"line":144,"column":8},"end":{"line":144,"column":70}},"65":{"start":{"line":146,"column":8},"end":{"line":146,"column":30}},"66":{"start":{"line":150,"column":8},"end":{"line":150,"column":57}},"67":{"start":{"line":152,"column":8},"end":{"line":158,"column":9}},"68":{"start":{"line":153,"column":12},"end":{"line":153,"column":76}},"69":{"start":{"line":154,"column":15},"end":{"line":158,"column":9}},"70":{"start":{"line":155,"column":12},"end":{"line":155,"column":140}},"71":{"start":{"line":157,"column":12},"end":{"line":157,"column":92}},"72":{"start":{"line":130,"column":13},"end":{"line":130,"column":31}}},"fnMap":{"0":{"name":"(anonymous_8)","decl":{"start":{"line":5,"column":32},"end":{"line":5,"column":39}},"loc":{"start":{"line":5,"column":85},"end":{"line":19,"column":2}}},"1":{"name":"(anonymous_9)","decl":{"start":{"line":5,"column":85},"end":{"line":5,"column":null}},"loc":{"start":{"line":5,"column":85},"end":{"line":19,"column":1}}},"2":{"name":"(anonymous_10)","decl":{"start":{"line":22,"column":32},"end":{"line":22,"column":39}},"loc":{"start":{"line":22,"column":85},"end":{"line":54,"column":2}}},"3":{"name":"(anonymous_11)","decl":{"start":{"line":22,"column":85},"end":{"line":22,"column":null}},"loc":{"start":{"line":22,"column":85},"end":{"line":54,"column":1}}},"4":{"name":"(anonymous_12)","decl":{"start":{"line":57,"column":31},"end":{"line":57,"column":38}},"loc":{"start":{"line":57,"column":84},"end":{"line":83,"column":2}}},"5":{"name":"(anonymous_13)","decl":{"start":{"line":57,"column":84},"end":{"line":57,"column":null}},"loc":{"start":{"line":57,"column":84},"end":{"line":83,"column":1}}},"6":{"name":"(anonymous_14)","decl":{"start":{"line":86,"column":31},"end":{"line":86,"column":38}},"loc":{"start":{"line":86,"column":84},"end":{"line":127,"column":2}}},"7":{"name":"(anonymous_15)","decl":{"start":{"line":86,"column":84},"end":{"line":86,"column":null}},"loc":{"start":{"line":86,"column":84},"end":{"line":127,"column":1}}},"8":{"name":"(anonymous_16)","decl":{"start":{"line":130,"column":31},"end":{"line":130,"column":38}},"loc":{"start":{"line":130,"column":84},"end":{"line":162,"column":2}}},"9":{"name":"(anonymous_17)","decl":{"start":{"line":130,"column":84},"end":{"line":130,"column":null}},"loc":{"start":{"line":130,"column":84},"end":{"line":162,"column":1}}}},"branchMap":{"0":{"loc":{"start":{"line":29,"column":8},"end":{"line":34,"column":9}},"type":"if","locations":[{"start":{"line":29,"column":8},"end":{"line":34,"column":9}}]},"1":{"loc":{"start":{"line":38,"column":8},"end":{"line":43,"column":9}},"type":"if","locations":[{"start":{"line":38,"column":8},"end":{"line":43,"column":9}}]},"2":{"loc":{"start":{"line":63,"column":8},"end":{"line":68,"column":9}},"type":"if","locations":[{"start":{"line":63,"column":8},"end":{"line":68,"column":9}}]},"3":{"loc":{"start":{"line":94,"column":8},"end":{"line":99,"column":9}},"type":"if","locations":[{"start":{"line":94,"column":8},"end":{"line":99,"column":9}}]},"4":{"loc":{"start":{"line":101,"column":8},"end":{"line":106,"column":9}},"type":"if","locations":[{"start":{"line":101,"column":8},"end":{"line":106,"column":9}}]},"5":{"loc":{"start":{"line":119,"column":8},"end":{"line":123,"column":9}},"type":"if","locations":[{"start":{"line":119,"column":8},"end":{"line":123,"column":9}},{"start":{"line":121,"column":15},"end":{"line":123,"column":9}}]},"6":{"loc":{"start":{"line":119,"column":12},"end":{"line":119,"column":78}},"type":"binary-expr","locations":[{"start":{"line":119,"column":12},"end":{"line":119,"column":34}},{"start":{"line":119,"column":38},"end":{"line":119,"column":78}}]},"7":{"loc":{"start":{"line":137,"column":8},"end":{"line":142,"column":9}},"type":"if","locations":[{"start":{"line":137,"column":8},"end":{"line":142,"column":9}}]},"8":{"loc":{"start":{"line":152,"column":8},"end":{"line":158,"column":9}},"type":"if","locations":[{"start":{"line":152,"column":8},"end":{"line":158,"column":9}},{"start":{"line":154,"column":15},"end":{"line":158,"column":9}}]},"9":{"loc":{"start":{"line":152,"column":12},"end":{"line":152,"column":78}},"type":"binary-expr","locations":[{"start":{"line":152,"column":12},"end":{"line":152,"column":34}},{"start":{"line":152,"column":38},"end":{"line":152,"column":78}}]},"10":{"loc":{"start":{"line":154,"column":15},"end":{"line":158,"column":9}},"type":"if","locations":[{"start":{"line":154,"column":15},"end":{"line":158,"column":9}},{"start":{"line":156,"column":15},"end":{"line":158,"column":9}}]}},"s":{"0":12,"1":12,"2":1,"3":1,"4":1,"5":1,"6":0,"7":0,"8":12,"9":12,"10":3,"11":3,"12":3,"13":3,"14":3,"15":1,"16":1,"17":2,"18":2,"19":1,"20":1,"21":1,"22":0,"23":0,"24":12,"25":12,"26":2,"27":2,"28":2,"29":2,"30":1,"31":1,"32":1,"33":1,"34":0,"35":0,"36":12,"37":12,"38":2,"39":2,"40":2,"41":2,"42":2,"43":2,"44":1,"45":1,"46":1,"47":0,"48":0,"49":1,"50":1,"51":0,"52":0,"53":0,"54":0,"55":12,"56":12,"57":2,"58":2,"59":2,"60":2,"61":2,"62":1,"63":1,"64":1,"65":1,"66":0,"67":0,"68":0,"69":0,"70":0,"71":0,"72":12},"f":{"0":1,"1":1,"2":3,"3":3,"4":2,"5":2,"6":2,"7":2,"8":2,"9":2},"b":{"0":[1],"1":[1],"2":[1],"3":[1],"4":[0],"5":[0,0],"6":[0,0],"7":[1],"8":[0,0],"9":[0,0],"10":[0,0]}}
,"C:\\Users\\Yanis\\Documents\\iut\\wwe_app\\api\\src\\routes\\tables.ts": {"path":"C:\\Users\\Yanis\\Documents\\iut\\wwe_app\\api\\src\\routes\\tables.ts","statementMap":{"0":{"start":{"line":2,"column":0},"end":{"line":2,"column":31}},"1":{"start":{"line":5,"column":28},"end":{"line":19,"column":2}},"2":{"start":{"line":5,"column":81},"end":{"line":19,"column":2}},"3":{"start":{"line":7,"column":4},"end":{"line":17,"column":5}},"4":{"start":{"line":9,"column":23},"end":{"line":9,"column":52}},"5":{"start":{"line":10,"column":8},"end":{"line":10,"column":37}},"6":{"start":{"line":14,"column":8},"end":{"line":14,"column":54}},"7":{"start":{"line":15,"column":8},"end":{"line":15,"column":88}},"8":{"start":{"line":5,"column":13},"end":{"line":5,"column":28}},"9":{"start":{"line":22,"column":28},"end":{"line":54,"column":2}},"10":{"start":{"line":22,"column":81},"end":{"line":54,"column":2}},"11":{"start":{"line":24,"column":4},"end":{"line":52,"column":5}},"12":{"start":{"line":26,"column":23},"end":{"line":26,"column":33}},"13":{"start":{"line":27,"column":24},"end":{"line":27,"column":34}},"14":{"start":{"line":29,"column":8},"end":{"line":34,"column":9}},"15":{"start":{"line":31,"column":12},"end":{"line":31,"column":76}},"16":{"start":{"line":32,"column":12},"end":{"line":32,"column":19}},"17":{"start":{"line":36,"column":22},"end":{"line":36,"column":79}},"18":{"start":{"line":38,"column":8},"end":{"line":43,"column":9}},"19":{"start":{"line":40,"column":12},"end":{"line":40,"column":72}},"20":{"start":{"line":41,"column":12},"end":{"line":41,"column":19}},"21":{"start":{"line":45,"column":8},"end":{"line":45,"column":36}},"22":{"start":{"line":49,"column":8},"end":{"line":49,"column":54}},"23":{"start":{"line":50,"column":8},"end":{"line":50,"column":88}},"24":{"start":{"line":22,"column":13},"end":{"line":22,"column":28}},"25":{"start":{"line":57,"column":27},"end":{"line":79,"column":2}},"26":{"start":{"line":57,"column":80},"end":{"line":79,"column":2}},"27":{"start":{"line":59,"column":4},"end":{"line":77,"column":5}},"28":{"start":{"line":61,"column":30},"end":{"line":61,"column":38}},"29":{"start":{"line":63,"column":25},"end":{"line":68,"column":10}},"30":{"start":{"line":70,"column":8},"end":{"line":70,"column":39}},"31":{"start":{"line":74,"column":8},"end":{"line":74,"column":53}},"32":{"start":{"line":75,"column":8},"end":{"line":75,"column":88}},"33":{"start":{"line":57,"column":13},"end":{"line":57,"column":27}},"34":{"start":{"line":82,"column":27},"end":{"line":119,"column":2}},"35":{"start":{"line":82,"column":80},"end":{"line":119,"column":2}},"36":{"start":{"line":84,"column":4},"end":{"line":117,"column":5}},"37":{"start":{"line":86,"column":23},"end":{"line":86,"column":33}},"38":{"start":{"line":87,"column":30},"end":{"line":87,"column":38}},"39":{"start":{"line":88,"column":24},"end":{"line":88,"column":34}},"40":{"start":{"line":90,"column":8},"end":{"line":95,"column":9}},"41":{"start":{"line":92,"column":12},"end":{"line":92,"column":76}},"42":{"start":{"line":93,"column":12},"end":{"line":93,"column":19}},"43":{"start":{"line":97,"column":29},"end":{"line":103,"column":10}},"44":{"start":{"line":105,"column":8},"end":{"line":105,"column":43}},"45":{"start":{"line":109,"column":8},"end":{"line":109,"column":53}},"46":{"start":{"line":111,"column":8},"end":{"line":115,"column":9}},"47":{"start":{"line":112,"column":12},"end":{"line":112,"column":72}},"48":{"start":{"line":114,"column":12},"end":{"line":114,"column":92}},"49":{"start":{"line":82,"column":13},"end":{"line":82,"column":27}},"50":{"start":{"line":122,"column":27},"end":{"line":154,"column":2}},"51":{"start":{"line":122,"column":80},"end":{"line":154,"column":2}},"52":{"start":{"line":124,"column":4},"end":{"line":152,"column":5}},"53":{"start":{"line":126,"column":23},"end":{"line":126,"column":33}},"54":{"start":{"line":127,"column":24},"end":{"line":127,"column":34}},"55":{"start":{"line":129,"column":8},"end":{"line":134,"column":9}},"56":{"start":{"line":131,"column":12},"end":{"line":131,"column":76}},"57":{"start":{"line":132,"column":12},"end":{"line":132,"column":19}},"58":{"start":{"line":136,"column":8},"end":{"line":136,"column":62}},"59":{"start":{"line":138,"column":8},"end":{"line":138,"column":30}},"60":{"start":{"line":142,"column":8},"end":{"line":142,"column":53}},"61":{"start":{"line":144,"column":8},"end":{"line":150,"column":9}},"62":{"start":{"line":145,"column":12},"end":{"line":145,"column":72}},"63":{"start":{"line":146,"column":15},"end":{"line":150,"column":9}},"64":{"start":{"line":147,"column":12},"end":{"line":147,"column":136}},"65":{"start":{"line":149,"column":12},"end":{"line":149,"column":92}},"66":{"start":{"line":122,"column":13},"end":{"line":122,"column":27}}},"fnMap":{"0":{"name":"(anonymous_8)","decl":{"start":{"line":5,"column":28},"end":{"line":5,"column":35}},"loc":{"start":{"line":5,"column":81},"end":{"line":19,"column":2}}},"1":{"name":"(anonymous_9)","decl":{"start":{"line":5,"column":81},"end":{"line":5,"column":null}},"loc":{"start":{"line":5,"column":81},"end":{"line":19,"column":1}}},"2":{"name":"(anonymous_10)","decl":{"start":{"line":22,"column":28},"end":{"line":22,"column":35}},"loc":{"start":{"line":22,"column":81},"end":{"line":54,"column":2}}},"3":{"name":"(anonymous_11)","decl":{"start":{"line":22,"column":81},"end":{"line":22,"column":null}},"loc":{"start":{"line":22,"column":81},"end":{"line":54,"column":1}}},"4":{"name":"(anonymous_12)","decl":{"start":{"line":57,"column":27},"end":{"line":57,"column":34}},"loc":{"start":{"line":57,"column":80},"end":{"line":79,"column":2}}},"5":{"name":"(anonymous_13)","decl":{"start":{"line":57,"column":80},"end":{"line":57,"column":null}},"loc":{"start":{"line":57,"column":80},"end":{"line":79,"column":1}}},"6":{"name":"(anonymous_14)","decl":{"start":{"line":82,"column":27},"end":{"line":82,"column":34}},"loc":{"start":{"line":82,"column":80},"end":{"line":119,"column":2}}},"7":{"name":"(anonymous_15)","decl":{"start":{"line":82,"column":80},"end":{"line":82,"column":null}},"loc":{"start":{"line":82,"column":80},"end":{"line":119,"column":1}}},"8":{"name":"(anonymous_16)","decl":{"start":{"line":122,"column":27},"end":{"line":122,"column":34}},"loc":{"start":{"line":122,"column":80},"end":{"line":154,"column":2}}},"9":{"name":"(anonymous_17)","decl":{"start":{"line":122,"column":80},"end":{"line":122,"column":null}},"loc":{"start":{"line":122,"column":80},"end":{"line":154,"column":1}}}},"branchMap":{"0":{"loc":{"start":{"line":29,"column":8},"end":{"line":34,"column":9}},"type":"if","locations":[{"start":{"line":29,"column":8},"end":{"line":34,"column":9}}]},"1":{"loc":{"start":{"line":38,"column":8},"end":{"line":43,"column":9}},"type":"if","locations":[{"start":{"line":38,"column":8},"end":{"line":43,"column":9}}]},"2":{"loc":{"start":{"line":90,"column":8},"end":{"line":95,"column":9}},"type":"if","locations":[{"start":{"line":90,"column":8},"end":{"line":95,"column":9}}]},"3":{"loc":{"start":{"line":111,"column":8},"end":{"line":115,"column":9}},"type":"if","locations":[{"start":{"line":111,"column":8},"end":{"line":115,"column":9}},{"start":{"line":113,"column":15},"end":{"line":115,"column":9}}]},"4":{"loc":{"start":{"line":111,"column":12},"end":{"line":111,"column":78}},"type":"binary-expr","locations":[{"start":{"line":111,"column":12},"end":{"line":111,"column":34}},{"start":{"line":111,"column":38},"end":{"line":111,"column":78}}]},"5":{"loc":{"start":{"line":129,"column":8},"end":{"line":134,"column":9}},"type":"if","locations":[{"start":{"line":129,"column":8},"end":{"line":134,"column":9}}]},"6":{"loc":{"start":{"line":144,"column":8},"end":{"line":150,"column":9}},"type":"if","locations":[{"start":{"line":144,"column":8},"end":{"line":150,"column":9}},{"start":{"line":146,"column":15},"end":{"line":150,"column":9}}]},"7":{"loc":{"start":{"line":144,"column":12},"end":{"line":144,"column":78}},"type":"binary-expr","locations":[{"start":{"line":144,"column":12},"end":{"line":144,"column":34}},{"start":{"line":144,"column":38},"end":{"line":144,"column":78}}]},"8":{"loc":{"start":{"line":146,"column":15},"end":{"line":150,"column":9}},"type":"if","locations":[{"start":{"line":146,"column":15},"end":{"line":150,"column":9}},{"start":{"line":148,"column":15},"end":{"line":150,"column":9}}]}},"s":{"0":12,"1":12,"2":1,"3":1,"4":1,"5":1,"6":0,"7":0,"8":12,"9":12,"10":3,"11":3,"12":3,"13":3,"14":3,"15":1,"16":1,"17":2,"18":2,"19":1,"20":1,"21":1,"22":0,"23":0,"24":12,"25":12,"26":1,"27":1,"28":1,"29":1,"30":1,"31":0,"32":0,"33":12,"34":12,"35":2,"36":2,"37":2,"38":2,"39":2,"40":2,"41":1,"42":1,"43":1,"44":1,"45":0,"46":0,"47":0,"48":0,"49":12,"50":12,"51":2,"52":2,"53":2,"54":2,"55":2,"56":1,"57":1,"58":1,"59":1,"60":0,"61":0,"62":0,"63":0,"64":0,"65":0,"66":12},"f":{"0":1,"1":1,"2":3,"3":3,"4":1,"5":1,"6":2,"7":2,"8":2,"9":2},"b":{"0":[1],"1":[1],"2":[1],"3":[0,0],"4":[0,0],"5":[1],"6":[0,0],"7":[0,0],"8":[0,0]}}
,"C:\\Users\\Yanis\\Documents\\iut\\wwe_app\\api\\src\\routes\\wrestlers.ts": {"path":"C:\\Users\\Yanis\\Documents\\iut\\wwe_app\\api\\src\\routes\\wrestlers.ts","statementMap":{"0":{"start":{"line":2,"column":0},"end":{"line":2,"column":31}},"1":{"start":{"line":5,"column":31},"end":{"line":19,"column":2}},"2":{"start":{"line":5,"column":84},"end":{"line":19,"column":2}},"3":{"start":{"line":7,"column":4},"end":{"line":17,"column":5}},"4":{"start":{"line":9,"column":26},"end":{"line":9,"column":58}},"5":{"start":{"line":10,"column":8},"end":{"line":10,"column":40}},"6":{"start":{"line":14,"column":8},"end":{"line":14,"column":57}},"7":{"start":{"line":15,"column":8},"end":{"line":15,"column":88}},"8":{"start":{"line":5,"column":13},"end":{"line":5,"column":31}},"9":{"start":{"line":22,"column":31},"end":{"line":54,"column":2}},"10":{"start":{"line":22,"column":84},"end":{"line":54,"column":2}},"11":{"start":{"line":24,"column":4},"end":{"line":52,"column":5}},"12":{"start":{"line":26,"column":23},"end":{"line":26,"column":33}},"13":{"start":{"line":27,"column":27},"end":{"line":27,"column":37}},"14":{"start":{"line":29,"column":8},"end":{"line":34,"column":9}},"15":{"start":{"line":31,"column":12},"end":{"line":31,"column":76}},"16":{"start":{"line":32,"column":12},"end":{"line":32,"column":19}},"17":{"start":{"line":36,"column":25},"end":{"line":36,"column":88}},"18":{"start":{"line":38,"column":8},"end":{"line":43,"column":9}},"19":{"start":{"line":40,"column":12},"end":{"line":40,"column":72}},"20":{"start":{"line":41,"column":12},"end":{"line":41,"column":19}},"21":{"start":{"line":45,"column":8},"end":{"line":45,"column":39}},"22":{"start":{"line":49,"column":8},"end":{"line":49,"column":57}},"23":{"start":{"line":50,"column":8},"end":{"line":50,"column":88}},"24":{"start":{"line":22,"column":13},"end":{"line":22,"column":31}},"25":{"start":{"line":57,"column":30},"end":{"line":83,"column":2}},"26":{"start":{"line":57,"column":83},"end":{"line":83,"column":2}},"27":{"start":{"line":59,"column":4},"end":{"line":81,"column":5}},"28":{"start":{"line":61,"column":25},"end":{"line":61,"column":33}},"29":{"start":{"line":63,"column":8},"end":{"line":68,"column":9}},"30":{"start":{"line":65,"column":12},"end":{"line":65,"column":74}},"31":{"start":{"line":66,"column":12},"end":{"line":66,"column":19}},"32":{"start":{"line":70,"column":28},"end":{"line":72,"column":10}},"33":{"start":{"line":74,"column":8},"end":{"line":74,"column":42}},"34":{"start":{"line":78,"column":8},"end":{"line":78,"column":56}},"35":{"start":{"line":79,"column":8},"end":{"line":79,"column":88}},"36":{"start":{"line":57,"column":13},"end":{"line":57,"column":30}},"37":{"start":{"line":86,"column":30},"end":{"line":127,"column":2}},"38":{"start":{"line":86,"column":83},"end":{"line":127,"column":2}},"39":{"start":{"line":88,"column":4},"end":{"line":125,"column":5}},"40":{"start":{"line":90,"column":23},"end":{"line":90,"column":33}},"41":{"start":{"line":91,"column":25},"end":{"line":91,"column":33}},"42":{"start":{"line":92,"column":27},"end":{"line":92,"column":37}},"43":{"start":{"line":94,"column":8},"end":{"line":99,"column":9}},"44":{"start":{"line":96,"column":12},"end":{"line":96,"column":76}},"45":{"start":{"line":97,"column":12},"end":{"line":97,"column":19}},"46":{"start":{"line":101,"column":8},"end":{"line":106,"column":9}},"47":{"start":{"line":103,"column":12},"end":{"line":103,"column":74}},"48":{"start":{"line":104,"column":12},"end":{"line":104,"column":19}},"49":{"start":{"line":108,"column":32},"end":{"line":111,"column":10}},"50":{"start":{"line":113,"column":8},"end":{"line":113,"column":46}},"51":{"start":{"line":117,"column":8},"end":{"line":117,"column":56}},"52":{"start":{"line":119,"column":8},"end":{"line":123,"column":9}},"53":{"start":{"line":120,"column":12},"end":{"line":120,"column":72}},"54":{"start":{"line":122,"column":12},"end":{"line":122,"column":92}},"55":{"start":{"line":86,"column":13},"end":{"line":86,"column":30}},"56":{"start":{"line":130,"column":30},"end":{"line":162,"column":2}},"57":{"start":{"line":130,"column":83},"end":{"line":162,"column":2}},"58":{"start":{"line":132,"column":4},"end":{"line":160,"column":5}},"59":{"start":{"line":134,"column":23},"end":{"line":134,"column":33}},"60":{"start":{"line":135,"column":27},"end":{"line":135,"column":37}},"61":{"start":{"line":137,"column":8},"end":{"line":142,"column":9}},"62":{"start":{"line":139,"column":12},"end":{"line":139,"column":76}},"63":{"start":{"line":140,"column":12},"end":{"line":140,"column":19}},"64":{"start":{"line":144,"column":8},"end":{"line":144,"column":68}},"65":{"start":{"line":146,"column":8},"end":{"line":146,"column":30}},"66":{"start":{"line":150,"column":8},"end":{"line":150,"column":56}},"67":{"start":{"line":152,"column":8},"end":{"line":158,"column":9}},"68":{"start":{"line":153,"column":12},"end":{"line":153,"column":72}},"69":{"start":{"line":154,"column":15},"end":{"line":158,"column":9}},"70":{"start":{"line":155,"column":12},"end":{"line":155,"column":121}},"71":{"start":{"line":157,"column":12},"end":{"line":157,"column":92}},"72":{"start":{"line":130,"column":13},"end":{"line":130,"column":30}}},"fnMap":{"0":{"name":"(anonymous_8)","decl":{"start":{"line":5,"column":31},"end":{"line":5,"column":38}},"loc":{"start":{"line":5,"column":84},"end":{"line":19,"column":2}}},"1":{"name":"(anonymous_9)","decl":{"start":{"line":5,"column":84},"end":{"line":5,"column":null}},"loc":{"start":{"line":5,"column":84},"end":{"line":19,"column":1}}},"2":{"name":"(anonymous_10)","decl":{"start":{"line":22,"column":31},"end":{"line":22,"column":38}},"loc":{"start":{"line":22,"column":84},"end":{"line":54,"column":2}}},"3":{"name":"(anonymous_11)","decl":{"start":{"line":22,"column":84},"end":{"line":22,"column":null}},"loc":{"start":{"line":22,"column":84},"end":{"line":54,"column":1}}},"4":{"name":"(anonymous_12)","decl":{"start":{"line":57,"column":30},"end":{"line":57,"column":37}},"loc":{"start":{"line":57,"column":83},"end":{"line":83,"column":2}}},"5":{"name":"(anonymous_13)","decl":{"start":{"line":57,"column":83},"end":{"line":57,"column":null}},"loc":{"start":{"line":57,"column":83},"end":{"line":83,"column":1}}},"6":{"name":"(anonymous_14)","decl":{"start":{"line":86,"column":30},"end":{"line":86,"column":37}},"loc":{"start":{"line":86,"column":83},"end":{"line":127,"column":2}}},"7":{"name":"(anonymous_15)","decl":{"start":{"line":86,"column":83},"end":{"line":86,"column":null}},"loc":{"start":{"line":86,"column":83},"end":{"line":127,"column":1}}},"8":{"name":"(anonymous_16)","decl":{"start":{"line":130,"column":30},"end":{"line":130,"column":37}},"loc":{"start":{"line":130,"column":83},"end":{"line":162,"column":2}}},"9":{"name":"(anonymous_17)","decl":{"start":{"line":130,"column":83},"end":{"line":130,"column":null}},"loc":{"start":{"line":130,"column":83},"end":{"line":162,"column":1}}}},"branchMap":{"0":{"loc":{"start":{"line":29,"column":8},"end":{"line":34,"column":9}},"type":"if","locations":[{"start":{"line":29,"column":8},"end":{"line":34,"column":9}}]},"1":{"loc":{"start":{"line":38,"column":8},"end":{"line":43,"column":9}},"type":"if","locations":[{"start":{"line":38,"column":8},"end":{"line":43,"column":9}}]},"2":{"loc":{"start":{"line":63,"column":8},"end":{"line":68,"column":9}},"type":"if","locations":[{"start":{"line":63,"column":8},"end":{"line":68,"column":9}}]},"3":{"loc":{"start":{"line":94,"column":8},"end":{"line":99,"column":9}},"type":"if","locations":[{"start":{"line":94,"column":8},"end":{"line":99,"column":9}}]},"4":{"loc":{"start":{"line":101,"column":8},"end":{"line":106,"column":9}},"type":"if","locations":[{"start":{"line":101,"column":8},"end":{"line":106,"column":9}}]},"5":{"loc":{"start":{"line":119,"column":8},"end":{"line":123,"column":9}},"type":"if","locations":[{"start":{"line":119,"column":8},"end":{"line":123,"column":9}},{"start":{"line":121,"column":15},"end":{"line":123,"column":9}}]},"6":{"loc":{"start":{"line":119,"column":12},"end":{"line":119,"column":78}},"type":"binary-expr","locations":[{"start":{"line":119,"column":12},"end":{"line":119,"column":34}},{"start":{"line":119,"column":38},"end":{"line":119,"column":78}}]},"7":{"loc":{"start":{"line":137,"column":8},"end":{"line":142,"column":9}},"type":"if","locations":[{"start":{"line":137,"column":8},"end":{"line":142,"column":9}}]},"8":{"loc":{"start":{"line":152,"column":8},"end":{"line":158,"column":9}},"type":"if","locations":[{"start":{"line":152,"column":8},"end":{"line":158,"column":9}},{"start":{"line":154,"column":15},"end":{"line":158,"column":9}}]},"9":{"loc":{"start":{"line":152,"column":12},"end":{"line":152,"column":78}},"type":"binary-expr","locations":[{"start":{"line":152,"column":12},"end":{"line":152,"column":34}},{"start":{"line":152,"column":38},"end":{"line":152,"column":78}}]},"10":{"loc":{"start":{"line":154,"column":15},"end":{"line":158,"column":9}},"type":"if","locations":[{"start":{"line":154,"column":15},"end":{"line":158,"column":9}},{"start":{"line":156,"column":15},"end":{"line":158,"column":9}}]}},"s":{"0":12,"1":12,"2":1,"3":1,"4":1,"5":1,"6":0,"7":0,"8":12,"9":12,"10":3,"11":3,"12":3,"13":3,"14":3,"15":1,"16":1,"17":2,"18":2,"19":1,"20":1,"21":1,"22":0,"23":0,"24":12,"25":12,"26":2,"27":2,"28":2,"29":2,"30":1,"31":1,"32":1,"33":1,"34":0,"35":0,"36":12,"37":12,"38":2,"39":2,"40":2,"41":2,"42":2,"43":2,"44":1,"45":1,"46":1,"47":0,"48":0,"49":1,"50":1,"51":0,"52":0,"53":0,"54":0,"55":12,"56":12,"57":2,"58":2,"59":2,"60":2,"61":2,"62":1,"63":1,"64":1,"65":1,"66":0,"67":0,"68":0,"69":0,"70":0,"71":0,"72":12},"f":{"0":1,"1":1,"2":3,"3":3,"4":2,"5":2,"6":2,"7":2,"8":2,"9":2},"b":{"0":[1],"1":[1],"2":[1],"3":[1],"4":[0],"5":[0,0],"6":[0,0],"7":[1],"8":[0,0],"9":[0,0],"10":[0,0]}}
}
