TN:
SF:src\index.ts
FN:48,(anonymous_1)
FN:52,closeServer
FNF:2
FNH:2
FNDA:11,(anonymous_1)
FNDA:12,closeServer
DA:1,12
DA:3,12
DA:4,12
DA:6,12
DA:7,12
DA:9,12
DA:10,12
DA:11,12
DA:12,12
DA:13,12
DA:14,12
DA:15,12
DA:16,12
DA:17,12
DA:18,12
DA:19,12
DA:23,12
DA:24,12
DA:25,0
DA:26,0
DA:28,12
DA:29,12
DA:32,12
DA:34,12
DA:35,12
DA:37,12
DA:38,12
DA:41,12
DA:42,12
DA:45,12
DA:48,12
DA:49,11
DA:52,12
DA:53,12
DA:62,12
DA:63,12
DA:69,12
DA:72,12
DA:73,12
DA:74,12
DA:75,12
DA:76,12
DA:79,12
DA:80,12
DA:81,12
DA:82,12
DA:83,12
DA:86,12
DA:87,12
DA:88,12
DA:89,12
DA:90,12
DA:93,12
DA:94,12
DA:95,12
DA:96,12
DA:97,12
DA:100,12
DA:101,12
DA:102,12
DA:103,12
DA:104,12
DA:107,12
DA:108,12
DA:109,12
DA:110,12
DA:111,12
DA:114,12
DA:115,12
DA:116,12
DA:117,12
DA:118,12
DA:121,12
DA:122,12
DA:123,12
DA:124,12
DA:125,12
DA:128,12
DA:129,12
DA:130,12
DA:131,12
DA:132,12
DA:136,12
LF:83
LH:81
BRDA:23,0,0,12
BRDA:23,0,1,0
BRDA:24,1,0,0
BRF:3
BRH:1
end_of_record
TN:
SF:src\middleware\logger.ts
FN:3,logger
FNF:1
FNH:1
FNDA:1,logger
DA:3,12
DA:4,1
DA:5,1
DA:6,1
LF:4
LH:4
BRF:0
BRH:0
end_of_record
TN:
SF:src\routes\auth.ts
FN:7,(anonymous_8)
FN:7,(anonymous_9)
FN:51,(anonymous_10)
FN:51,(anonymous_11)
FNF:4
FNH:4
FNDA:1,(anonymous_8)
FNDA:1,(anonymous_9)
FNDA:1,(anonymous_10)
FNDA:1,(anonymous_11)
DA:2,12
DA:3,12
DA:4,12
DA:7,12
DA:9,1
DA:11,1
DA:12,1
DA:13,1
DA:14,1
DA:17,0
DA:18,0
DA:19,0
DA:20,0
DA:23,0
DA:24,0
DA:25,0
DA:26,0
DA:29,0
DA:30,0
DA:31,0
DA:32,0
DA:35,0
DA:37,0
DA:38,0
DA:42,0
DA:43,0
DA:44,0
DA:51,12
DA:53,1
DA:54,1
DA:55,1
DA:56,0
DA:57,0
DA:60,1
DA:61,1
DA:68,1
DA:69,1
DA:73,0
DA:74,0
DA:75,0
LF:40
LH:17
BRDA:12,0,0,1
BRDA:12,1,0,1
BRDA:12,1,1,0
BRDA:18,2,0,0
BRDA:24,3,0,0
BRDA:30,4,0,0
BRDA:55,5,0,0
BRDA:55,6,0,1
BRDA:55,6,1,1
BRF:9
BRH:4
end_of_record
TN:
SF:src\routes\belts.ts
FN:5,(anonymous_8)
FN:5,(anonymous_9)
FN:22,(anonymous_10)
FN:22,(anonymous_11)
FN:57,(anonymous_12)
FN:57,(anonymous_13)
FN:86,(anonymous_14)
FN:86,(anonymous_15)
FN:130,(anonymous_16)
FN:130,(anonymous_17)
FNF:10
FNH:10
FNDA:1,(anonymous_8)
FNDA:1,(anonymous_9)
FNDA:1,(anonymous_10)
FNDA:1,(anonymous_11)
FNDA:2,(anonymous_12)
FNDA:2,(anonymous_13)
FNDA:3,(anonymous_14)
FNDA:3,(anonymous_15)
FNDA:2,(anonymous_16)
FNDA:2,(anonymous_17)
DA:2,12
DA:5,12
DA:7,1
DA:9,1
DA:10,1
DA:14,0
DA:15,0
DA:22,12
DA:24,1
DA:26,1
DA:27,1
DA:29,1
DA:31,0
DA:32,0
DA:36,1
DA:38,1
DA:40,0
DA:41,0
DA:45,1
DA:49,0
DA:50,0
DA:57,12
DA:59,2
DA:61,2
DA:63,2
DA:65,1
DA:66,1
DA:70,1
DA:74,1
DA:78,0
DA:79,0
DA:86,12
DA:88,3
DA:90,3
DA:91,3
DA:92,3
DA:94,3
DA:96,1
DA:97,1
DA:101,2
DA:103,1
DA:104,1
DA:108,1
DA:113,1
DA:117,0
DA:119,0
DA:120,0
DA:122,0
DA:130,12
DA:132,2
DA:134,2
DA:135,2
DA:137,2
DA:139,1
DA:140,1
DA:144,1
DA:146,1
DA:150,0
DA:152,0
DA:153,0
DA:155,0
LF:61
LH:43
BRDA:29,0,0,0
BRDA:38,1,0,0
BRDA:63,2,0,1
BRDA:94,3,0,1
BRDA:101,4,0,1
BRDA:119,5,0,0
BRDA:119,5,1,0
BRDA:119,6,0,0
BRDA:119,6,1,0
BRDA:137,7,0,1
BRDA:152,8,0,0
BRDA:152,8,1,0
BRDA:152,9,0,0
BRDA:152,9,1,0
BRF:14
BRH:4
end_of_record
TN:
SF:src\routes\cards.ts
FN:5,(anonymous_8)
FN:5,(anonymous_9)
FN:22,(anonymous_10)
FN:22,(anonymous_11)
FN:57,(anonymous_12)
FN:57,(anonymous_13)
FN:88,(anonymous_14)
FN:88,(anonymous_15)
FN:134,(anonymous_16)
FN:134,(anonymous_17)
FNF:10
FNH:10
FNDA:1,(anonymous_8)
FNDA:1,(anonymous_9)
FNDA:3,(anonymous_10)
FNDA:3,(anonymous_11)
FNDA:1,(anonymous_12)
FNDA:1,(anonymous_13)
FNDA:2,(anonymous_14)
FNDA:2,(anonymous_15)
FNDA:2,(anonymous_16)
FNDA:2,(anonymous_17)
DA:2,12
DA:5,12
DA:7,1
DA:9,1
DA:10,1
DA:14,0
DA:15,0
DA:22,12
DA:24,3
DA:26,3
DA:27,3
DA:29,3
DA:31,1
DA:32,1
DA:36,2
DA:38,2
DA:40,1
DA:41,1
DA:45,1
DA:49,0
DA:50,0
DA:57,12
DA:59,1
DA:61,1
DA:63,1
DA:76,1
DA:80,0
DA:81,0
DA:88,12
DA:90,2
DA:92,2
DA:93,2
DA:94,2
DA:96,2
DA:98,1
DA:99,1
DA:103,1
DA:117,1
DA:121,0
DA:123,0
DA:124,0
DA:126,0
DA:134,12
DA:136,2
DA:138,2
DA:139,2
DA:141,2
DA:143,1
DA:144,1
DA:148,1
DA:150,1
DA:154,0
DA:156,0
DA:157,0
DA:159,0
LF:55
LH:41
BRDA:29,0,0,1
BRDA:38,1,0,1
BRDA:68,2,0,1
BRDA:68,2,1,0
BRDA:96,3,0,1
BRDA:109,4,0,0
BRDA:109,4,1,1
BRDA:123,5,0,0
BRDA:123,5,1,0
BRDA:123,6,0,0
BRDA:123,6,1,0
BRDA:141,7,0,1
BRDA:156,8,0,0
BRDA:156,8,1,0
BRDA:156,9,0,0
BRDA:156,9,1,0
BRF:16
BRH:6
end_of_record
TN:
SF:src\routes\events.ts
FN:5,(anonymous_8)
FN:5,(anonymous_9)
FN:22,(anonymous_10)
FN:22,(anonymous_11)
FN:57,(anonymous_12)
FN:57,(anonymous_13)
FN:86,(anonymous_14)
FN:86,(anonymous_15)
FN:130,(anonymous_16)
FN:130,(anonymous_17)
FNF:10
FNH:10
FNDA:1,(anonymous_8)
FNDA:1,(anonymous_9)
FNDA:3,(anonymous_10)
FNDA:3,(anonymous_11)
FNDA:1,(anonymous_12)
FNDA:1,(anonymous_13)
FNDA:2,(anonymous_14)
FNDA:2,(anonymous_15)
FNDA:2,(anonymous_16)
FNDA:2,(anonymous_17)
DA:2,12
DA:5,12
DA:7,1
DA:9,1
DA:10,1
DA:14,0
DA:15,0
DA:22,12
DA:24,3
DA:26,3
DA:27,3
DA:29,3
DA:31,1
DA:32,1
DA:36,2
DA:38,2
DA:40,1
DA:41,1
DA:45,1
DA:49,0
DA:50,0
DA:57,12
DA:59,1
DA:61,1
DA:63,1
DA:65,0
DA:66,0
DA:70,1
DA:74,1
DA:78,0
DA:79,0
DA:86,12
DA:88,2
DA:90,2
DA:91,2
DA:92,2
DA:94,2
DA:96,1
DA:97,1
DA:101,1
DA:103,0
DA:104,0
DA:108,1
DA:113,1
DA:117,0
DA:119,0
DA:120,0
DA:122,0
DA:130,12
DA:132,2
DA:134,2
DA:135,2
DA:137,2
DA:139,1
DA:140,1
DA:144,1
DA:146,1
DA:150,0
DA:152,0
DA:153,0
DA:155,0
LF:61
LH:43
BRDA:29,0,0,1
BRDA:38,1,0,1
BRDA:63,2,0,0
BRDA:94,3,0,1
BRDA:101,4,0,0
BRDA:119,5,0,0
BRDA:119,5,1,0
BRDA:119,6,0,0
BRDA:119,6,1,0
BRDA:137,7,0,1
BRDA:152,8,0,0
BRDA:152,8,1,0
BRDA:152,9,0,0
BRDA:152,9,1,0
BRF:14
BRH:4
end_of_record
TN:
SF:src\routes\hello.ts
FN:3,Hello
FNF:1
FNH:1
FNDA:1,Hello
DA:3,12
DA:4,1
LF:2
LH:2
BRF:0
BRH:0
end_of_record
TN:
SF:src\routes\locations.ts
FN:5,(anonymous_8)
FN:5,(anonymous_9)
FN:22,(anonymous_10)
FN:22,(anonymous_11)
FN:57,(anonymous_12)
FN:57,(anonymous_13)
FN:86,(anonymous_14)
FN:86,(anonymous_15)
FN:130,(anonymous_16)
FN:130,(anonymous_17)
FNF:10
FNH:10
FNDA:1,(anonymous_8)
FNDA:1,(anonymous_9)
FNDA:3,(anonymous_10)
FNDA:3,(anonymous_11)
FNDA:2,(anonymous_12)
FNDA:2,(anonymous_13)
FNDA:2,(anonymous_14)
FNDA:2,(anonymous_15)
FNDA:2,(anonymous_16)
FNDA:2,(anonymous_17)
DA:2,12
DA:5,12
DA:7,1
DA:9,1
DA:10,1
DA:14,0
DA:15,0
DA:22,12
DA:24,3
DA:26,3
DA:27,3
DA:29,3
DA:31,1
DA:32,1
DA:36,2
DA:38,2
DA:40,1
DA:41,1
DA:45,1
DA:49,0
DA:50,0
DA:57,12
DA:59,2
DA:61,2
DA:63,2
DA:65,1
DA:66,1
DA:70,1
DA:74,1
DA:78,0
DA:79,0
DA:86,12
DA:88,2
DA:90,2
DA:91,2
DA:92,2
DA:94,2
DA:96,1
DA:97,1
DA:101,1
DA:103,0
DA:104,0
DA:108,1
DA:113,1
DA:117,0
DA:119,0
DA:120,0
DA:122,0
DA:130,12
DA:132,2
DA:134,2
DA:135,2
DA:137,2
DA:139,1
DA:140,1
DA:144,1
DA:146,1
DA:150,0
DA:152,0
DA:153,0
DA:154,0
DA:155,0
DA:157,0
LF:63
LH:45
BRDA:29,0,0,1
BRDA:38,1,0,1
BRDA:63,2,0,1
BRDA:94,3,0,1
BRDA:101,4,0,0
BRDA:119,5,0,0
BRDA:119,5,1,0
BRDA:119,6,0,0
BRDA:119,6,1,0
BRDA:137,7,0,1
BRDA:152,8,0,0
BRDA:152,8,1,0
BRDA:152,9,0,0
BRDA:152,9,1,0
BRDA:154,10,0,0
BRDA:154,10,1,0
BRF:16
BRH:5
end_of_record
TN:
SF:src\routes\matchTypes.ts
FN:5,(anonymous_8)
FN:5,(anonymous_9)
FN:22,(anonymous_10)
FN:22,(anonymous_11)
FN:57,(anonymous_12)
FN:57,(anonymous_13)
FN:86,(anonymous_14)
FN:86,(anonymous_15)
FN:130,(anonymous_16)
FN:130,(anonymous_17)
FNF:10
FNH:10
FNDA:1,(anonymous_8)
FNDA:1,(anonymous_9)
FNDA:3,(anonymous_10)
FNDA:3,(anonymous_11)
FNDA:2,(anonymous_12)
FNDA:2,(anonymous_13)
FNDA:2,(anonymous_14)
FNDA:2,(anonymous_15)
FNDA:2,(anonymous_16)
FNDA:2,(anonymous_17)
DA:2,12
DA:5,12
DA:7,1
DA:9,1
DA:10,1
DA:14,0
DA:15,0
DA:22,12
DA:24,3
DA:26,3
DA:27,3
DA:29,3
DA:31,1
DA:32,1
DA:36,2
DA:38,2
DA:40,1
DA:41,1
DA:45,1
DA:49,0
DA:50,0
DA:57,12
DA:59,2
DA:61,2
DA:63,2
DA:65,1
DA:66,1
DA:70,1
DA:74,1
DA:78,0
DA:79,0
DA:86,12
DA:88,2
DA:90,2
DA:91,2
DA:92,2
DA:94,2
DA:96,1
DA:97,1
DA:101,1
DA:103,0
DA:104,0
DA:108,1
DA:113,1
DA:117,0
DA:119,0
DA:120,0
DA:122,0
DA:130,12
DA:132,2
DA:134,2
DA:135,2
DA:137,2
DA:139,1
DA:140,1
DA:144,1
DA:146,1
DA:150,0
DA:152,0
DA:153,0
DA:154,0
DA:155,0
DA:157,0
LF:63
LH:45
BRDA:29,0,0,1
BRDA:38,1,0,1
BRDA:63,2,0,1
BRDA:94,3,0,1
BRDA:101,4,0,0
BRDA:119,5,0,0
BRDA:119,5,1,0
BRDA:119,6,0,0
BRDA:119,6,1,0
BRDA:137,7,0,1
BRDA:152,8,0,0
BRDA:152,8,1,0
BRDA:152,9,0,0
BRDA:152,9,1,0
BRDA:154,10,0,0
BRDA:154,10,1,0
BRF:16
BRH:5
end_of_record
TN:
SF:src\routes\matches.ts
FN:5,(anonymous_8)
FN:5,(anonymous_9)
FN:22,(anonymous_10)
FN:22,(anonymous_11)
FN:57,(anonymous_12)
FN:57,(anonymous_13)
FN:97,(anonymous_14)
FN:97,(anonymous_15)
FN:153,(anonymous_16)
FN:153,(anonymous_17)
FNF:10
FNH:10
FNDA:1,(anonymous_8)
FNDA:1,(anonymous_9)
FNDA:3,(anonymous_10)
FNDA:3,(anonymous_11)
FNDA:1,(anonymous_12)
FNDA:1,(anonymous_13)
FNDA:2,(anonymous_14)
FNDA:2,(anonymous_15)
FNDA:2,(anonymous_16)
FNDA:2,(anonymous_17)
DA:2,12
DA:5,12
DA:7,1
DA:9,1
DA:10,1
DA:14,0
DA:15,0
DA:22,12
DA:24,3
DA:26,3
DA:27,3
DA:29,3
DA:31,1
DA:32,1
DA:36,2
DA:38,2
DA:40,1
DA:41,1
DA:45,1
DA:49,0
DA:50,0
DA:57,12
DA:59,1
DA:70,1
DA:72,1
DA:85,1
DA:89,0
DA:90,0
DA:97,12
DA:99,2
DA:101,2
DA:111,2
DA:113,2
DA:115,2
DA:117,1
DA:118,1
DA:122,1
DA:136,1
DA:140,0
DA:142,0
DA:143,0
DA:145,0
DA:153,12
DA:155,2
DA:157,2
DA:158,2
DA:160,2
DA:162,1
DA:163,1
DA:167,1
DA:169,1
DA:173,0
DA:175,0
DA:176,0
DA:178,0
LF:55
LH:41
BRDA:29,0,0,1
BRDA:38,1,0,1
BRDA:81,2,0,0
BRDA:81,2,1,1
BRDA:115,3,0,1
BRDA:132,4,0,0
BRDA:132,4,1,1
BRDA:142,5,0,0
BRDA:142,5,1,0
BRDA:142,6,0,0
BRDA:142,6,1,0
BRDA:160,7,0,1
BRDA:175,8,0,0
BRDA:175,8,1,0
BRDA:175,9,0,0
BRDA:175,9,1,0
BRF:16
BRH:6
end_of_record
TN:
SF:src\routes\promotions.ts
FN:5,(anonymous_8)
FN:5,(anonymous_9)
FN:22,(anonymous_10)
FN:22,(anonymous_11)
FN:57,(anonymous_12)
FN:57,(anonymous_13)
FN:86,(anonymous_14)
FN:86,(anonymous_15)
FN:130,(anonymous_16)
FN:130,(anonymous_17)
FNF:10
FNH:10
FNDA:1,(anonymous_8)
FNDA:1,(anonymous_9)
FNDA:3,(anonymous_10)
FNDA:3,(anonymous_11)
FNDA:2,(anonymous_12)
FNDA:2,(anonymous_13)
FNDA:2,(anonymous_14)
FNDA:2,(anonymous_15)
FNDA:2,(anonymous_16)
FNDA:2,(anonymous_17)
DA:2,12
DA:5,12
DA:7,1
DA:9,1
DA:10,1
DA:14,0
DA:15,0
DA:22,12
DA:24,3
DA:26,3
DA:27,3
DA:29,3
DA:31,1
DA:32,1
DA:36,2
DA:38,2
DA:40,1
DA:41,1
DA:45,1
DA:49,0
DA:50,0
DA:57,12
DA:59,2
DA:61,2
DA:63,2
DA:65,1
DA:66,1
DA:70,1
DA:74,1
DA:78,0
DA:79,0
DA:86,12
DA:88,2
DA:90,2
DA:91,2
DA:92,2
DA:94,2
DA:96,1
DA:97,1
DA:101,1
DA:103,0
DA:104,0
DA:108,1
DA:113,1
DA:117,0
DA:119,0
DA:120,0
DA:122,0
DA:130,12
DA:132,2
DA:134,2
DA:135,2
DA:137,2
DA:139,1
DA:140,1
DA:144,1
DA:146,1
DA:150,0
DA:152,0
DA:153,0
DA:154,0
DA:155,0
DA:157,0
LF:63
LH:45
BRDA:29,0,0,1
BRDA:38,1,0,1
BRDA:63,2,0,1
BRDA:94,3,0,1
BRDA:101,4,0,0
BRDA:119,5,0,0
BRDA:119,5,1,0
BRDA:119,6,0,0
BRDA:119,6,1,0
BRDA:137,7,0,1
BRDA:152,8,0,0
BRDA:152,8,1,0
BRDA:152,9,0,0
BRDA:152,9,1,0
BRDA:154,10,0,0
BRDA:154,10,1,0
BRF:16
BRH:5
end_of_record
TN:
SF:src\routes\tables.ts
FN:5,(anonymous_8)
FN:5,(anonymous_9)
FN:22,(anonymous_10)
FN:22,(anonymous_11)
FN:57,(anonymous_12)
FN:57,(anonymous_13)
FN:82,(anonymous_14)
FN:82,(anonymous_15)
FN:122,(anonymous_16)
FN:122,(anonymous_17)
FNF:10
FNH:10
FNDA:1,(anonymous_8)
FNDA:1,(anonymous_9)
FNDA:3,(anonymous_10)
FNDA:3,(anonymous_11)
FNDA:1,(anonymous_12)
FNDA:1,(anonymous_13)
FNDA:2,(anonymous_14)
FNDA:2,(anonymous_15)
FNDA:2,(anonymous_16)
FNDA:2,(anonymous_17)
DA:2,12
DA:5,12
DA:7,1
DA:9,1
DA:10,1
DA:14,0
DA:15,0
DA:22,12
DA:24,3
DA:26,3
DA:27,3
DA:29,3
DA:31,1
DA:32,1
DA:36,2
DA:38,2
DA:40,1
DA:41,1
DA:45,1
DA:49,0
DA:50,0
DA:57,12
DA:59,1
DA:61,1
DA:63,1
DA:70,1
DA:74,0
DA:75,0
DA:82,12
DA:84,2
DA:86,2
DA:87,2
DA:88,2
DA:90,2
DA:92,1
DA:93,1
DA:97,1
DA:105,1
DA:109,0
DA:111,0
DA:112,0
DA:114,0
DA:122,12
DA:124,2
DA:126,2
DA:127,2
DA:129,2
DA:131,1
DA:132,1
DA:136,1
DA:138,1
DA:142,0
DA:144,0
DA:145,0
DA:146,0
DA:147,0
DA:149,0
LF:57
LH:41
BRDA:29,0,0,1
BRDA:38,1,0,1
BRDA:90,2,0,1
BRDA:111,3,0,0
BRDA:111,3,1,0
BRDA:111,4,0,0
BRDA:111,4,1,0
BRDA:129,5,0,1
BRDA:144,6,0,0
BRDA:144,6,1,0
BRDA:144,7,0,0
BRDA:144,7,1,0
BRDA:146,8,0,0
BRDA:146,8,1,0
BRF:14
BRH:4
end_of_record
TN:
SF:src\routes\wrestlers.ts
FN:5,(anonymous_8)
FN:5,(anonymous_9)
FN:22,(anonymous_10)
FN:22,(anonymous_11)
FN:57,(anonymous_12)
FN:57,(anonymous_13)
FN:86,(anonymous_14)
FN:86,(anonymous_15)
FN:130,(anonymous_16)
FN:130,(anonymous_17)
FNF:10
FNH:10
FNDA:1,(anonymous_8)
FNDA:1,(anonymous_9)
FNDA:3,(anonymous_10)
FNDA:3,(anonymous_11)
FNDA:2,(anonymous_12)
FNDA:2,(anonymous_13)
FNDA:2,(anonymous_14)
FNDA:2,(anonymous_15)
FNDA:2,(anonymous_16)
FNDA:2,(anonymous_17)
DA:2,12
DA:5,12
DA:7,1
DA:9,1
DA:10,1
DA:14,0
DA:15,0
DA:22,12
DA:24,3
DA:26,3
DA:27,3
DA:29,3
DA:31,1
DA:32,1
DA:36,2
DA:38,2
DA:40,1
DA:41,1
DA:45,1
DA:49,0
DA:50,0
DA:57,12
DA:59,2
DA:61,2
DA:63,2
DA:65,1
DA:66,1
DA:70,1
DA:74,1
DA:78,0
DA:79,0
DA:86,12
DA:88,2
DA:90,2
DA:91,2
DA:92,2
DA:94,2
DA:96,1
DA:97,1
DA:101,1
DA:103,0
DA:104,0
DA:108,1
DA:113,1
DA:117,0
DA:119,0
DA:120,0
DA:122,0
DA:130,12
DA:132,2
DA:134,2
DA:135,2
DA:137,2
DA:139,1
DA:140,1
DA:144,1
DA:146,1
DA:150,0
DA:152,0
DA:153,0
DA:154,0
DA:155,0
DA:157,0
LF:63
LH:45
BRDA:29,0,0,1
BRDA:38,1,0,1
BRDA:63,2,0,1
BRDA:94,3,0,1
BRDA:101,4,0,0
BRDA:119,5,0,0
BRDA:119,5,1,0
BRDA:119,6,0,0
BRDA:119,6,1,0
BRDA:137,7,0,1
BRDA:152,8,0,0
BRDA:152,8,1,0
BRDA:152,9,0,0
BRDA:152,9,1,0
BRDA:154,10,0,0
BRDA:154,10,1,0
BRF:16
BRH:5
end_of_record
